SF:lib/cores/failure/failure.dart
DA:6,14
DA:8,4
DA:9,8
DA:13,0
DA:18,14
DA:25,0
LF:6
LH:4
end_of_record
SF:lib/cores/network/models/skillwave_response.dart
DA:9,5
DA:10,5
DA:12,2
DA:14,5
DA:15,25
DA:18,0
DA:22,0
DA:23,0
DA:26,0
DA:28,0
DA:29,0
DA:31,0
LF:12
LH:5
end_of_record
SF:lib/features/coursesScreen/domain/entity/review_entity.dart
DA:19,1
DA:36,1
DA:37,1
DA:38,1
DA:39,1
DA:40,1
DA:41,1
DA:42,1
DA:43,1
DA:44,1
DA:45,1
DA:46,1
DA:47,1
DA:48,1
DA:49,1
DA:50,1
DA:51,1
DA:63,1
DA:72,1
DA:73,7
LF:20
LH:20
end_of_record
SF:lib/features/coursesScreen/domain/usecase/get_reviews_by_course_id_usecase.dart
DA:11,0
DA:13,0
DA:14,0
DA:16,0
DA:17,0
DA:18,0
DA:20,0
LF:7
LH:0
end_of_record
SF:lib/features/coursesScreen/domain/usecase/create_review_usecase.dart
DA:10,0
DA:12,0
DA:18,0
DA:23,0
DA:25,0
LF:5
LH:0
end_of_record
SF:lib/features/coursesScreen/presentation/bloc/review_bloc/review_event.dart
DA:4,1
DA:6,0
DA:7,0
DA:13,1
DA:15,0
DA:16,0
DA:24,1
DA:30,0
DA:31,0
LF:9
LH:3
end_of_record
SF:lib/features/coursesScreen/presentation/bloc/review_bloc/review_state.dart
DA:4,1
DA:6,1
DA:7,1
DA:17,1
DA:19,1
DA:20,2
DA:26,1
DA:28,1
DA:29,2
LF:9
LH:9
end_of_record
SF:lib/features/coursesScreen/presentation/bloc/review_bloc/review_bloc.dart
DA:18,1
DA:19,2
DA:20,2
DA:21,2
DA:24,1
DA:28,2
DA:30,3
DA:31,1
DA:32,1
DA:33,1
DA:34,2
DA:36,1
DA:37,1
DA:38,2
DA:42,0
DA:46,1
DA:50,2
DA:52,2
DA:53,1
DA:54,1
DA:55,1
DA:57,1
DA:58,3
DA:59,3
DA:62,0
LF:25
LH:23
end_of_record
SF:lib/features/coursesScreen/domain/entity/course_entity.dart
DA:19,1
DA:36,1
DA:37,1
DA:38,1
DA:39,1
DA:40,1
DA:41,1
DA:42,1
DA:43,1
DA:44,1
DA:45,1
DA:46,1
DA:47,1
DA:48,1
DA:49,1
DA:50,1
DA:51,1
DA:72,1
DA:90,1
DA:91,4
DA:100,1
DA:107,1
DA:108,3
DA:120,1
DA:130,1
DA:132,8
LF:26
LH:26
end_of_record
SF:lib/features/coursesScreen/domain/usecase/get_courses_usecase.dart
DA:11,0
DA:13,0
DA:18,0
DA:19,0
DA:21,0
LF:5
LH:0
end_of_record
SF:lib/features/coursesScreen/domain/usecase/get_course_by_id_usecase.dart
DA:12,0
DA:14,0
DA:16,0
DA:17,0
DA:19,0
LF:5
LH:0
end_of_record
SF:lib/features/coursesScreen/domain/usecase/create_payment_usecase.dart
DA:10,0
DA:12,0
DA:19,0
DA:25,0
DA:27,0
LF:5
LH:0
end_of_record
SF:lib/features/coursesScreen/presentation/bloc/course_event.dart
DA:4,1
DA:6,0
DA:7,0
DA:14,1
DA:16,0
DA:17,0
DA:22,1
DA:24,0
DA:25,0
DA:34,1
DA:41,0
DA:42,0
DA:50,0
DA:56,0
DA:57,0
LF:15
LH:4
end_of_record
SF:lib/features/coursesScreen/presentation/bloc/course_state.dart
DA:4,1
DA:6,1
DA:7,1
DA:18,1
DA:20,1
DA:21,3
DA:27,1
DA:29,1
DA:30,2
DA:36,1
DA:38,1
DA:39,2
LF:12
LH:12
end_of_record
SF:lib/features/coursesScreen/presentation/bloc/course_bloc.dart
DA:23,1
DA:27,2
DA:28,2
DA:29,2
DA:30,2
DA:36,1
DA:40,1
DA:44,2
DA:45,2
DA:48,2
DA:49,1
DA:50,1
DA:53,5
DA:54,1
DA:55,2
DA:56,1
DA:58,0
DA:61,4
DA:63,4
DA:66,0
DA:70,1
DA:74,2
DA:76,3
DA:78,1
DA:79,3
DA:80,3
DA:83,0
DA:87,1
DA:91,2
DA:93,2
DA:94,1
DA:95,1
DA:96,1
DA:97,1
DA:100,1
DA:101,2
DA:103,1
DA:104,1
DA:105,3
DA:110,0
LF:40
LH:36
end_of_record
SF:lib/features/coursesScreen/data/model/course_model.dart
DA:26,0
DA:27,0
DA:50,0
DA:51,0
DA:63,0
DA:64,0
DA:79,0
DA:80,0
DA:86,0
DA:87,0
DA:88,0
DA:89,0
DA:90,0
DA:91,0
DA:92,0
DA:93,0
DA:94,0
DA:95,0
DA:96,0
DA:97,0
DA:98,0
DA:99,0
DA:100,0
DA:101,0
DA:107,0
DA:108,0
DA:109,0
DA:110,0
DA:111,0
DA:112,0
DA:113,0
DA:114,0
DA:115,0
DA:116,0
DA:117,0
DA:118,0
DA:119,0
DA:120,0
DA:121,0
DA:122,0
DA:123,0
DA:129,0
DA:130,0
DA:131,0
DA:132,0
DA:133,0
DA:134,0
DA:140,0
DA:141,0
DA:142,0
DA:143,0
DA:144,0
DA:145,0
DA:146,0
DA:147,0
DA:148,0
LF:56
LH:0
end_of_record
SF:lib/features/coursesScreen/data/model/course_model.g.dart
DA:9,0
DA:10,0
DA:11,0
DA:12,0
DA:13,0
DA:14,0
DA:15,0
DA:17,0
DA:18,0
DA:20,0
DA:21,0
DA:22,0
DA:23,0
DA:24,0
DA:25,0
DA:26,0
DA:27,0
DA:28,0
DA:29,0
DA:30,0
DA:33,0
DA:34,0
DA:35,0
DA:36,0
DA:37,0
DA:38,0
DA:39,0
DA:40,0
DA:41,0
DA:42,0
DA:43,0
DA:44,0
DA:45,0
DA:46,0
DA:47,0
DA:48,0
DA:51,0
DA:52,0
DA:53,0
DA:54,0
DA:55,0
DA:56,0
DA:57,0
DA:58,0
DA:59,0
DA:60,0
DA:61,0
DA:62,0
DA:63,0
DA:64,0
DA:65,0
DA:66,0
DA:67,0
DA:68,0
DA:69,0
DA:70,0
DA:71,0
DA:72,0
DA:73,0
DA:74,0
DA:75,0
DA:78,0
DA:80,0
DA:81,0
DA:82,0
DA:83,0
DA:84,0
DA:85,0
DA:86,0
DA:87,0
DA:88,0
DA:89,0
DA:90,0
DA:91,0
DA:92,0
DA:93,0
DA:94,0
DA:95,0
DA:98,0
DA:99,0
DA:100,0
DA:101,0
DA:102,0
DA:103,0
DA:106,0
DA:107,0
DA:108,0
DA:109,0
DA:110,0
DA:111,0
DA:114,0
DA:115,0
DA:116,0
DA:117,0
DA:118,0
DA:119,0
DA:120,0
DA:121,0
DA:122,0
DA:125,0
DA:126,0
DA:127,0
DA:128,0
DA:129,0
DA:130,0
DA:131,0
DA:132,0
DA:133,0
LF:108
LH:0
end_of_record
SF:lib/features/auth/domian/entity/login_entity.dart
DA:7,1
DA:9,1
DA:10,3
LF:3
LH:3
end_of_record
SF:lib/features/auth/domian/entity/sign_up_entity.dart
DA:11,1
DA:18,0
DA:19,0
DA:20,0
DA:21,0
DA:22,0
DA:23,0
DA:24,0
LF:8
LH:1
end_of_record
SF:lib/features/auth/domian/usecases/create_user_usecase.dart
DA:12,0
DA:14,0
DA:19,0
DA:20,0
DA:21,0
DA:22,0
DA:25,0
LF:7
LH:0
end_of_record
SF:lib/features/auth/domian/usecases/forget_password_usecase.dart
DA:9,0
DA:11,0
DA:13,0
DA:14,0
DA:15,0
DA:16,0
DA:19,0
LF:7
LH:0
end_of_record
SF:lib/features/auth/domian/usecases/login_usecase.dart
DA:11,0
DA:13,0
DA:15,0
DA:16,0
DA:18,0
DA:20,0
DA:21,0
DA:22,0
DA:23,0
DA:25,0
DA:26,0
LF:11
LH:0
end_of_record
SF:lib/features/auth/domian/usecases/send_oto_usecase.dart
DA:9,0
DA:11,0
DA:13,0
DA:14,0
DA:15,0
DA:16,0
DA:19,0
LF:7
LH:0
end_of_record
SF:lib/features/auth/domian/usecases/verify_otp_usecase.dart
DA:9,0
DA:11,0
DA:13,0
DA:14,0
DA:15,0
DA:16,0
DA:19,0
LF:7
LH:0
end_of_record
SF:lib/features/auth/presentation/bloc/auth_state.dart
DA:4,3
DA:6,1
DA:7,1
DA:17,2
DA:19,1
DA:20,2
DA:26,2
DA:28,1
DA:29,2
DA:34,2
DA:35,1
DA:36,2
DA:41,2
DA:42,1
DA:43,2
DA:48,2
DA:49,1
DA:50,2
DA:56,3
DA:58,1
DA:59,2
LF:21
LH:21
end_of_record
SF:lib/features/auth/presentation/bloc/auth_events.dart
DA:4,1
DA:6,0
DA:7,0
DA:14,1
DA:16,0
DA:17,0
DA:23,1
DA:25,1
DA:26,2
DA:31,1
DA:32,0
DA:33,0
DA:39,1
DA:40,0
DA:41,0
DA:47,1
DA:48,0
DA:49,0
LF:18
LH:8
end_of_record
SF:lib/features/auth/presentation/bloc/auth_bloc.dart
DA:26,1
DA:32,2
DA:33,2
DA:34,2
DA:35,2
DA:36,2
DA:37,2
DA:40,1
DA:44,2
DA:45,2
DA:46,1
DA:47,1
DA:49,1
DA:50,1
DA:51,3
DA:52,2
DA:57,1
DA:61,1
DA:62,2
DA:63,3
DA:64,1
DA:65,1
DA:66,3
DA:67,2
DA:72,1
DA:76,1
DA:77,2
DA:78,3
DA:79,1
DA:80,1
DA:81,3
DA:82,2
DA:87,1
DA:91,2
DA:92,4
DA:93,1
DA:94,1
DA:95,3
DA:96,2
DA:101,1
DA:105,2
DA:106,2
DA:107,1
DA:108,1
DA:110,1
DA:111,1
DA:112,3
DA:113,2
LF:48
LH:48
end_of_record
SF:lib/config/constants/api_endpoints.dart
DA:3,0
DA:29,0
DA:30,0
DA:32,0
DA:33,0
DA:45,0
DA:46,0
DA:48,0
DA:49,0
DA:51,0
DA:52,0
DA:58,0
DA:59,0
DA:61,0
DA:62,0
DA:64,0
DA:65,0
DA:67,0
DA:68,0
LF:19
LH:0
end_of_record
SF:lib/cores/network/auth_interceptor.dart
DA:9,0
DA:11,0
DA:13,0
DA:15,0
DA:16,0
DA:17,0
DA:19,0
DA:20,0
DA:21,0
DA:23,0
LF:10
LH:0
end_of_record
SF:lib/cores/network/dio_interseptors.dart
DA:6,0
DA:8,0
DA:9,0
DA:10,0
DA:12,0
DA:14,0
DA:15,0
DA:16,0
DA:17,0
DA:18,0
DA:19,0
DA:20,0
DA:23,0
DA:24,0
DA:25,0
DA:27,0
DA:32,0
DA:33,0
DA:35,0
DA:38,0
LF:20
LH:0
end_of_record
SF:lib/cores/network/dio_modules.dart
DA:9,0
DA:11,0
DA:12,0
DA:20,0
LF:4
LH:0
end_of_record
SF:lib/cores/network/hive_service.dart
DA:9,0
DA:10,0
DA:11,0
DA:12,0
DA:15,0
DA:16,0
DA:17,0
DA:21,0
DA:22,0
DA:23,0
DA:26,0
DA:27,0
DA:28,0
DA:31,0
DA:32,0
DA:33,0
DA:36,0
DA:37,0
DA:38,0
DA:41,0
DA:42,0
DA:43,0
DA:44,0
DA:47,0
DA:48,0
DA:49,0
DA:52,0
DA:53,0
DA:54,0
DA:57,1
DA:58,2
DA:59,0
DA:62,0
DA:63,0
DA:64,0
DA:65,0
DA:66,0
LF:37
LH:2
end_of_record
SF:lib/cores/network/modules/hive_modules.dart
DA:6,0
DA:8,0
DA:9,0
LF:3
LH:0
end_of_record
SF:lib/cores/services/snackbar_service.dart
DA:14,0
DA:16,0
DA:20,0
DA:25,0
DA:27,0
DA:29,0
DA:30,0
DA:31,0
DA:32,0
DA:34,0
DA:37,0
DA:39,0
DA:40,0
DA:41,0
DA:44,0
DA:47,0
DA:48,0
DA:49,0
DA:50,0
DA:52,0
DA:54,0
DA:56,0
DA:58,0
DA:60,0
DA:65,0
DA:67,0
DA:69,0
DA:71,0
DA:73,0
LF:29
LH:0
end_of_record
SF:lib/cores/services/socket_service.dart
DA:8,0
DA:9,0
DA:10,0
DA:24,0
DA:25,0
DA:26,0
DA:28,0
DA:31,0
DA:34,0
DA:36,0
DA:38,0
DA:39,0
DA:41,0
DA:48,0
DA:49,0
DA:51,0
DA:55,0
DA:56,0
DA:59,0
DA:60,0
DA:61,0
DA:64,0
DA:65,0
DA:66,0
DA:69,0
DA:70,0
DA:71,0
DA:74,0
DA:75,0
DA:76,0
DA:79,0
DA:80,0
DA:83,0
DA:84,0
DA:85,0
DA:88,0
DA:89,0
DA:90,0
DA:94,0
DA:95,0
DA:96,0
DA:99,0
DA:100,0
DA:101,0
DA:105,0
DA:106,0
DA:109,0
DA:110,0
DA:113,0
DA:114,0
DA:117,0
DA:118,0
DA:122,0
DA:123,0
DA:127,0
DA:128,0
DA:129,0
DA:131,0
DA:133,0
DA:139,0
DA:142,0
DA:143,0
DA:144,0
DA:145,0
DA:149,0
DA:150,0
DA:152,0
DA:153,0
DA:154,0
DA:155,0
DA:156,0
DA:157,0
DA:159,0
DA:160,0
DA:161,0
DA:167,0
DA:168,0
DA:170,0
DA:171,0
DA:172,0
DA:173,0
DA:176,0
DA:177,0
DA:179,0
DA:182,0
DA:187,0
DA:188,0
DA:190,0
DA:191,0
DA:192,0
DA:193,0
DA:196,0
DA:197,0
DA:199,0
DA:202,0
DA:207,0
DA:208,0
DA:209,0
DA:213,0
DA:218,0
DA:219,0
DA:228,0
DA:229,0
DA:230,0
DA:231,0
LF:105
LH:0
end_of_record
SF:lib/cores/shared_prefs/app_shared_prefs.dart
DA:10,0
DA:12,0
DA:14,0
DA:15,0
DA:17,0
DA:21,0
DA:23,0
DA:24,0
DA:26,0
DA:30,0
DA:32,0
DA:33,0
DA:35,0
DA:37,0
DA:41,0
DA:43,0
DA:44,0
DA:46,0
DA:50,0
DA:52,0
DA:53,0
DA:55,0
DA:59,0
DA:61,0
DA:62,0
DA:64,0
DA:68,0
DA:70,0
DA:71,0
DA:73,0
LF:30
LH:0
end_of_record
SF:lib/cores/shared_prefs/user_shared_prefs.dart
DA:10,0
DA:12,0
DA:14,0
DA:15,0
DA:17,0
DA:21,0
DA:23,0
DA:24,0
DA:26,0
DA:30,0
DA:32,0
DA:33,0
DA:35,0
DA:39,0
DA:41,0
DA:42,0
DA:44,0
DA:48,0
DA:50,0
DA:51,0
DA:53,0
DA:57,0
DA:59,0
DA:60,0
DA:62,0
DA:66,0
DA:68,0
DA:69,0
DA:71,0
DA:75,0
DA:77,0
DA:78,0
DA:80,0
DA:84,0
DA:86,0
DA:87,0
DA:89,0
LF:37
LH:0
end_of_record
SF:lib/features/auth/data/datasources/auth_remote_data_Source.dart
DA:19,0
DA:25,0
DA:30,0
DA:31,0
DA:32,0
DA:33,0
DA:34,0
DA:35,0
DA:37,0
DA:38,0
DA:39,0
DA:43,0
DA:45,0
DA:46,0
DA:49,0
DA:50,0
DA:51,0
DA:52,0
DA:55,0
DA:56,0
DA:60,0
DA:62,0
DA:64,0
DA:66,0
DA:69,0
DA:70,0
DA:71,0
DA:72,0
DA:73,0
DA:74,0
DA:75,0
DA:76,0
DA:78,0
DA:79,0
DA:80,0
DA:81,0
DA:88,0
DA:89,0
DA:91,0
DA:95,0
DA:96,0
DA:97,0
DA:99,0
DA:100,0
DA:102,0
DA:103,0
DA:104,0
DA:105,0
DA:106,0
DA:110,0
DA:114,0
DA:116,0
DA:118,0
DA:120,0
DA:121,0
DA:122,0
DA:124,0
DA:126,0
DA:127,0
DA:131,0
DA:133,0
DA:135,0
DA:137,0
DA:138,0
DA:139,0
DA:141,0
DA:142,0
DA:145,0
DA:146,0
DA:150,0
DA:155,0
DA:157,0
DA:159,0
DA:160,0
DA:161,0
DA:163,0
DA:164,0
DA:167,0
DA:168,0
DA:172,0
DA:174,0
DA:175,0
DA:176,0
DA:178,0
DA:184,0
LF:85
LH:0
end_of_record
SF:lib/features/auth/data/repositoryImpl/auth_repository_implementation.dart
DA:15,0
DA:16,0
DA:18,0
DA:21,0
DA:23,0
DA:24,0
DA:27,0
DA:29,0
DA:32,0
DA:34,0
DA:38,0
DA:41,0
DA:44,0
DA:46,0
LF:14
LH:0
end_of_record
SF:lib/features/blogScreen/data/datasources/blog_datasource.dart
DA:11,0
DA:13,0
DA:18,0
DA:20,0
DA:25,0
DA:27,0
DA:29,0
DA:32,0
DA:33,0
DA:35,0
DA:37,0
DA:38,0
DA:40,0
LF:13
LH:0
end_of_record
SF:lib/features/blogScreen/data/repository/blog_repository_impl.dart
DA:10,0
DA:12,0
DA:15,0
DA:17,0
LF:4
LH:0
end_of_record
SF:lib/features/blogScreen/domain/usecases/get_blogs_usecase.dart
DA:12,0
DA:14,0
DA:19,0
DA:20,0
DA:22,0
LF:5
LH:0
end_of_record
SF:lib/features/blogScreen/presentation/bloc/blog_bloc.dart
DA:16,3
DA:17,2
DA:21,1
DA:25,1
DA:29,2
DA:30,2
DA:33,4
DA:35,1
DA:36,3
DA:37,1
DA:38,2
DA:39,1
DA:41,0
DA:44,4
DA:46,2
DA:47,1
DA:48,1
DA:53,0
LF:18
LH:16
end_of_record
SF:lib/features/blogScreen/presentation/bloc/blog_state.dart
DA:4,1
DA:6,1
DA:7,1
DA:18,1
DA:20,1
DA:21,3
DA:27,1
DA:29,1
DA:30,2
LF:9
LH:9
end_of_record
SF:lib/features/blogScreen/presentation/bloc/blog_event.dart
DA:4,1
DA:6,0
DA:7,0
DA:14,1
DA:16,0
DA:17,0
LF:6
LH:2
end_of_record
SF:lib/features/coursesScreen/data/datasource/course_datasource.dart
DA:13,0
DA:15,0
DA:20,0
DA:22,0
DA:24,0
DA:26,0
DA:27,0
DA:30,0
DA:31,0
DA:33,0
DA:34,0
DA:37,0
DA:38,0
DA:40,0
DA:41,0
DA:45,0
DA:52,0
DA:54,0
DA:62,0
DA:65,0
DA:66,0
DA:69,0
DA:70,0
DA:72,0
DA:76,0
DA:78,0
DA:80,0
DA:81,0
DA:82,0
DA:84,0
DA:85,0
DA:88,0
DA:89,0
DA:91,0
DA:95,0
DA:101,0
DA:103,0
DA:106,0
DA:109,0
DA:110,0
DA:113,0
DA:114,0
DA:116,0
DA:120,0
DA:122,0
DA:124,0
DA:125,0
DA:128,0
DA:129,0
DA:131,0
DA:132,0
DA:133,0
DA:135,0
DA:136,0
DA:139,0
DA:140,0
DA:142,0
DA:143,0
DA:146,0
DA:147,0
DA:148,0
DA:149,0
DA:150,0
DA:151,0
DA:152,0
DA:154,0
DA:155,0
LF:67
LH:0
end_of_record
SF:lib/features/coursesScreen/data/repository/course_repository_impl.dart
DA:12,0
DA:14,0
DA:16,0
DA:19,0
DA:21,0
DA:24,0
DA:31,0
DA:39,0
DA:45,0
DA:52,0
DA:54,0
LF:11
LH:0
end_of_record
SF:lib/features/coursesScreen/presentation/bloc/payment_state.dart
DA:4,0
DA:6,0
DA:7,0
DA:18,0
DA:20,0
DA:21,0
LF:6
LH:0
end_of_record
SF:lib/features/coursesScreen/presentation/bloc/payment_bloc.dart
DA:14,0
DA:15,0
DA:18,0
DA:22,0
DA:24,0
DA:25,0
DA:26,0
DA:27,0
DA:28,0
DA:30,0
DA:31,0
DA:33,0
DA:34,0
DA:35,0
DA:40,0
LF:15
LH:0
end_of_record
SF:lib/features/coursesScreen/presentation/bloc/payment_event.dart
DA:4,0
DA:6,0
DA:7,0
DA:16,0
DA:23,0
DA:24,0
LF:6
LH:0
end_of_record
SF:lib/features/dashboardScreen/data/datasources/dashboard_local_datasource.dart
DA:18,0
DA:19,0
DA:21,0
DA:23,0
DA:25,0
DA:29,0
DA:32,0
DA:33,0
DA:34,0
DA:39,0
DA:42,0
DA:44,0
DA:45,0
DA:48,0
DA:51,0
DA:54,0
DA:55,0
DA:56,0
DA:57,0
DA:58,0
DA:63,0
DA:66,0
DA:67,0
DA:69,0
DA:72,0
DA:77,0
DA:78,0
DA:79,0
DA:83,0
DA:84,0
DA:88,0
DA:89,0
DA:91,0
DA:92,0
DA:98,0
DA:99,0
DA:104,0
DA:106,0
DA:113,0
DA:114,0
DA:117,0
DA:118,0
DA:119,0
DA:123,0
DA:124,0
DA:129,0
DA:131,0
DA:136,0
DA:137,0
DA:138,0
DA:139,0
DA:141,0
DA:145,0
DA:146,0
DA:149,0
DA:153,0
DA:154,0
DA:155,0
DA:156,0
DA:157,0
DA:158,0
DA:159,0
DA:160,0
DA:161,0
DA:162,0
DA:163,0
DA:164,0
DA:165,0
DA:166,0
DA:167,0
DA:168,0
DA:169,0
DA:170,0
DA:172,0
DA:173,0
DA:174,0
DA:175,0
DA:176,0
DA:177,0
DA:178,0
DA:179,0
DA:180,0
DA:181,0
DA:182,0
DA:183,0
DA:184,0
DA:185,0
DA:186,0
DA:187,0
DA:188,0
DA:189,0
DA:190,0
DA:191,0
DA:192,0
DA:193,0
DA:194,0
DA:195,0
DA:196,0
DA:197,0
DA:198,0
DA:199,0
DA:201,0
DA:202,0
DA:203,0
DA:204,0
DA:205,0
DA:206,0
DA:207,0
DA:208,0
DA:209,0
DA:210,0
DA:211,0
DA:212,0
DA:213,0
DA:214,0
DA:215,0
DA:216,0
DA:217,0
DA:218,0
DA:219,0
DA:220,0
DA:222,0
DA:224,0
DA:225,0
DA:226,0
DA:229,0
DA:232,0
DA:233,0
DA:237,0
DA:238,0
DA:239,0
DA:240,0
DA:241,0
DA:242,0
DA:243,0
DA:244,0
DA:245,0
DA:246,0
DA:247,0
DA:248,0
DA:249,0
DA:250,0
DA:251,0
DA:252,0
DA:253,0
DA:254,0
DA:255,0
DA:258,0
DA:259,0
DA:260,0
DA:261,0
DA:262,0
DA:263,0
DA:264,0
DA:265,0
DA:266,0
DA:267,0
DA:268,0
DA:270,0
DA:271,0
DA:272,0
DA:273,0
DA:274,0
DA:275,0
DA:276,0
DA:277,0
DA:278,0
DA:279,0
DA:280,0
DA:282,0
DA:283,0
DA:284,0
DA:285,0
DA:286,0
DA:287,0
DA:288,0
DA:291,0
DA:292,0
DA:293,0
DA:295,0
DA:296,0
DA:298,0
DA:299,0
DA:300,0
DA:301,0
DA:302,0
DA:303,0
DA:304,0
DA:305,0
DA:306,0
DA:307,0
DA:309,0
DA:310,0
DA:312,0
DA:313,0
DA:314,0
DA:315,0
DA:316,0
DA:317,0
DA:318,0
DA:321,0
DA:322,0
DA:323,0
DA:325,0
DA:327,0
DA:329,0
DA:330,0
DA:335,0
DA:336,0
DA:337,0
DA:341,0
DA:342,0
DA:346,0
DA:347,0
DA:349,0
DA:355,0
LF:216
LH:0
end_of_record
SF:lib/features/dashboardScreen/data/datasources/dashboard_remote_datasource.dart
DA:13,0
DA:15,0
DA:17,0
DA:19,0
DA:21,0
DA:22,0
DA:23,0
DA:25,0
DA:29,0
DA:31,0
DA:32,0
DA:33,0
DA:34,0
DA:36,0
DA:40,0
DA:44,0
DA:46,0
DA:47,0
DA:48,0
DA:49,0
DA:50,0
DA:54,0
DA:55,0
DA:56,0
DA:57,0
DA:58,0
DA:59,0
DA:63,0
DA:65,0
DA:68,0
DA:69,0
DA:70,0
DA:71,0
DA:72,0
DA:75,0
DA:77,0
DA:80,0
DA:83,0
DA:84,0
DA:86,0
DA:90,0
DA:92,0
DA:93,0
DA:94,0
DA:96,0
DA:97,0
DA:98,0
DA:100,0
DA:104,0
DA:106,0
DA:107,0
DA:108,0
DA:110,0
DA:114,0
DA:116,0
DA:117,0
DA:118,0
DA:120,0
DA:124,0
DA:125,0
DA:127,0
DA:128,0
DA:129,0
DA:131,0
DA:132,0
DA:134,0
DA:138,0
DA:144,0
DA:145,0
DA:146,0
DA:148,0
DA:149,0
DA:151,0
LF:73
LH:0
end_of_record
SF:lib/features/dashboardScreen/data/repository/dashboard_repository_impl.dart
DA:14,0
DA:16,0
DA:20,0
DA:23,0
DA:26,0
DA:32,0
DA:34,0
DA:36,0
DA:38,0
DA:40,0
DA:43,0
DA:44,0
DA:51,0
DA:55,0
DA:58,0
DA:61,0
DA:67,0
DA:69,0
DA:70,0
DA:81,0
DA:83,0
DA:86,0
DA:88,0
DA:91,0
DA:93,0
DA:96,0
DA:98,0
DA:101,0
DA:103,0
DA:106,0
DA:112,0
DA:116,0
DA:118,0
DA:119,0
DA:121,0
DA:125,0
DA:127,0
DA:130,0
DA:134,0
DA:135,0
DA:136,0
LF:41
LH:0
end_of_record
SF:lib/features/dashboardScreen/domin/usecases/create_comment_usecase.dart
DA:11,0
DA:13,0
DA:18,0
DA:19,0
DA:21,0
DA:22,0
DA:24,0
LF:7
LH:0
end_of_record
SF:lib/features/dashboardScreen/domin/usecases/create_post_usecase.dart
DA:13,0
DA:15,0
DA:20,0
DA:21,0
DA:23,0
DA:24,0
DA:26,0
LF:7
LH:0
end_of_record
SF:lib/features/dashboardScreen/domin/usecases/create_reply_usecase.dart
DA:11,0
DA:13,0
DA:19,0
DA:20,0
DA:22,0
DA:23,0
DA:25,0
LF:7
LH:0
end_of_record
SF:lib/features/dashboardScreen/domin/usecases/delete_post_usecase.dart
DA:10,0
DA:12,0
DA:14,0
DA:15,0
DA:17,0
DA:18,0
DA:20,0
LF:7
LH:0
end_of_record
SF:lib/features/dashboardScreen/domin/usecases/get_post_by_id_usecase.dart
DA:11,0
DA:13,0
DA:15,0
DA:16,0
DA:18,0
DA:19,0
DA:21,0
LF:7
LH:0
end_of_record
SF:lib/features/dashboardScreen/domin/usecases/get_posts_usecase.dart
DA:12,0
DA:14,0
DA:16,0
DA:17,0
DA:19,0
DA:20,0
DA:22,0
LF:7
LH:0
end_of_record
SF:lib/features/dashboardScreen/domin/usecases/like_post_usecase.dart
DA:10,0
DA:12,0
DA:14,0
DA:15,0
DA:17,0
DA:18,0
DA:20,0
LF:7
LH:0
end_of_record
SF:lib/features/dashboardScreen/domin/usecases/update_post_usecase.dart
DA:12,0
DA:14,0
DA:19,0
DA:20,0
DA:22,0
DA:23,0
DA:25,0
LF:7
LH:0
end_of_record
SF:lib/features/dashboardScreen/presentation/bloc/create_comment_bloc/create_comment_bloc.dart
DA:12,0
DA:13,0
DA:16,0
DA:20,0
DA:22,0
DA:23,0
DA:24,0
DA:25,0
DA:28,0
LF:9
LH:0
end_of_record
SF:lib/features/dashboardScreen/presentation/bloc/create_post_bloc/create_post_bloc.dart
DA:14,0
DA:15,0
DA:16,0
DA:19,0
DA:23,0
DA:25,0
DA:26,0
DA:27,0
DA:28,0
DA:30,0
DA:32,0
DA:33,0
DA:42,0
DA:43,0
DA:44,0
DA:45,0
DA:48,0
DA:52,0
DA:56,0
LF:19
LH:0
end_of_record
SF:lib/features/dashboardScreen/presentation/bloc/create_reply_bloc/create_reply_bloc.dart
DA:12,0
DA:13,0
DA:16,0
DA:20,0
DA:22,0
DA:23,0
DA:24,0
DA:25,0
DA:27,0
DA:28,0
DA:29,0
DA:32,0
LF:12
LH:0
end_of_record
SF:lib/features/dashboardScreen/presentation/bloc/delete_post_bloc/delete_post_bloc.dart
DA:11,0
DA:12,0
DA:15,0
DA:19,0
DA:21,0
DA:22,0
DA:23,0
DA:24,0
DA:27,0
LF:9
LH:0
end_of_record
SF:lib/features/dashboardScreen/presentation/bloc/get_post_by_id_bloc/get_post_by_id_bloc.dart
DA:12,0
DA:13,0
DA:16,0
DA:20,0
DA:22,0
DA:23,0
DA:24,0
DA:25,0
DA:27,0
DA:32,0
LF:10
LH:0
end_of_record
SF:lib/features/dashboardScreen/presentation/bloc/get_posts_bloc/get_posts_bloc.dart
DA:13,0
DA:14,0
DA:15,0
DA:16,0
DA:19,0
DA:20,0
DA:22,0
DA:23,0
DA:24,0
DA:25,0
DA:28,0
DA:32,0
DA:36,0
DA:38,0
DA:39,0
DA:40,0
DA:41,0
DA:44,0
DA:48,0
DA:52,0
DA:53,0
DA:54,0
DA:56,0
DA:57,0
DA:58,0
DA:59,0
DA:61,0
DA:62,0
DA:63,0
DA:64,0
DA:65,0
DA:66,0
DA:67,0
DA:69,0
DA:74,0
LF:35
LH:0
end_of_record
SF:lib/features/dashboardScreen/presentation/bloc/like_post_bloc/like_post_bloc.dart
DA:11,0
DA:12,0
DA:15,0
DA:16,0
DA:18,0
DA:19,0
DA:20,0
DA:21,0
DA:24,0
LF:9
LH:0
end_of_record
SF:lib/features/dashboardScreen/presentation/bloc/realtime_comment_state.dart
DA:4,0
DA:6,0
DA:7,0
DA:17,0
DA:19,0
DA:20,0
DA:26,0
DA:28,0
DA:29,0
DA:35,0
DA:37,0
DA:38,0
DA:44,0
DA:46,0
DA:47,0
DA:53,0
DA:55,0
DA:56,0
LF:18
LH:0
end_of_record
SF:lib/features/dashboardScreen/presentation/bloc/realtime_comment_event.dart
DA:4,0
DA:6,0
DA:7,0
DA:14,0
DA:16,0
DA:17,0
DA:23,0
DA:25,0
DA:26,0
DA:33,0
DA:35,0
DA:36,0
DA:42,0
DA:44,0
DA:45,0
DA:51,0
DA:53,0
DA:54,0
DA:60,0
DA:62,0
DA:63,0
LF:21
LH:0
end_of_record
SF:lib/features/dashboardScreen/presentation/bloc/realtime_comment_bloc.dart
DA:29,0
DA:30,0
DA:31,0
DA:32,0
DA:33,0
DA:34,0
DA:35,0
DA:38,0
DA:44,0
DA:45,0
DA:49,0
DA:50,0
DA:51,0
DA:54,0
DA:55,0
DA:56,0
DA:59,0
DA:61,0
DA:65,0
DA:68,0
DA:69,0
DA:70,0
DA:71,0
DA:72,0
DA:74,0
DA:76,0
DA:77,0
DA:80,0
DA:81,0
DA:85,0
DA:91,0
DA:92,0
DA:93,0
DA:94,0
DA:95,0
DA:97,0
DA:100,0
DA:103,0
DA:104,0
DA:108,0
DA:112,0
DA:113,0
DA:117,0
DA:121,0
DA:124,0
DA:128,0
DA:132,0
DA:133,0
DA:137,0
DA:141,0
DA:144,0
DA:148,0
DA:152,0
DA:155,0
DA:158,0
DA:160,0
DA:164,0
DA:165,0
DA:166,0
DA:170,0
DA:173,0
DA:175,0
DA:176,0
DA:181,0
DA:182,0
DA:183,0
DA:184,0
DA:185,0
DA:186,0
DA:188,0
DA:189,0
DA:191,0
DA:193,0
DA:194,0
DA:196,0
DA:198,0
DA:199,0
DA:201,0
DA:202,0
DA:203,0
DA:204,0
DA:205,0
DA:206,0
DA:207,0
DA:209,0
DA:210,0
DA:211,0
DA:214,0
DA:217,0
DA:218,0
DA:222,0
DA:223,0
DA:224,0
DA:225,0
DA:226,0
DA:227,0
DA:229,0
DA:230,0
DA:232,0
DA:234,0
DA:235,0
DA:237,0
DA:238,0
DA:239,0
DA:240,0
DA:241,0
DA:242,0
DA:243,0
DA:244,0
DA:245,0
DA:247,0
DA:248,0
DA:249,0
DA:252,0
DA:254,0
DA:258,0
DA:262,0
DA:263,0
DA:265,0
DA:266,0
DA:268,0
DA:272,0
DA:273,0
DA:277,0
DA:279,0
DA:281,0
DA:282,0
DA:285,0
LF:128
LH:0
end_of_record
SF:lib/features/dashboardScreen/presentation/bloc/update_post_bloc/update_post_bloc.dart
DA:13,0
DA:14,0
DA:17,0
DA:21,0
DA:23,0
DA:24,0
DA:25,0
DA:26,0
DA:28,0
DA:33,0
LF:10
LH:0
end_of_record
SF:lib/features/profileScreen/data/datasource/profile_remote_data_source.dart
DA:14,0
DA:16,0
DA:18,0
DA:19,0
DA:20,0
DA:21,0
DA:22,0
DA:23,0
DA:24,0
DA:25,0
DA:26,0
DA:29,0
DA:30,0
DA:31,0
DA:32,0
DA:35,0
DA:40,0
DA:42,0
DA:44,0
DA:45,0
DA:46,0
DA:51,0
DA:54,0
DA:56,0
DA:57,0
DA:61,0
DA:67,0
DA:69,0
DA:71,0
DA:72,0
DA:73,0
DA:74,0
DA:75,0
DA:78,0
DA:79,0
DA:80,0
DA:81,0
DA:84,0
DA:89,0
DA:95,0
DA:97,0
DA:102,0
DA:103,0
DA:104,0
DA:105,0
DA:106,0
DA:109,0
DA:110,0
DA:111,0
DA:112,0
DA:115,0
LF:51
LH:0
end_of_record
SF:lib/features/profileScreen/data/repository/profile_repository_impl.dart
DA:11,0
DA:12,0
DA:14,0
DA:18,0
DA:20,0
DA:23,0
DA:29,0
DA:32,0
DA:38,0
LF:9
LH:0
end_of_record
SF:lib/features/profileScreen/domin/usecases/change_password_usecase.dart
DA:10,0
DA:12,0
DA:18,0
DA:23,0
DA:25,0
DA:27,0
DA:28,0
DA:29,0
DA:30,0
DA:31,0
DA:34,0
DA:36,0
DA:37,0
LF:13
LH:0
end_of_record
SF:lib/features/profileScreen/domin/usecases/get_user_profile_usecase.dart
DA:11,0
DA:13,0
DA:15,0
DA:16,0
DA:18,0
DA:19,0
DA:21,0
LF:7
LH:0
end_of_record
SF:lib/features/profileScreen/domin/usecases/update_profile_picture_useCase.dart
DA:12,0
DA:14,0
DA:16,0
DA:17,0
DA:18,0
DA:20,0
LF:6
LH:0
end_of_record
SF:lib/features/profileScreen/domin/usecases/update_profile_usecase.dart
DA:10,0
DA:12,0
DA:18,0
DA:19,0
DA:21,0
DA:23,0
DA:24,0
DA:25,0
DA:26,0
DA:27,0
DA:32,0
DA:34,0
DA:35,0
LF:13
LH:0
end_of_record
SF:lib/features/profileScreen/presentation/bloc/change_password_bloc/change_password_events.dart
DA:4,0
DA:6,0
DA:7,0
DA:15,0
DA:21,0
DA:22,0
LF:6
LH:0
end_of_record
SF:lib/features/profileScreen/presentation/bloc/change_password_bloc/change_password_state.dart
DA:4,0
DA:6,0
DA:7,0
DA:19,0
DA:21,0
DA:22,0
LF:6
LH:0
end_of_record
SF:lib/features/profileScreen/presentation/bloc/change_password_bloc/change_password_bloc.dart
DA:15,0
DA:16,0
DA:17,0
DA:20,0
DA:24,0
DA:26,0
DA:27,0
DA:28,0
DA:29,0
DA:32,0
DA:33,0
DA:34,0
LF:12
LH:0
end_of_record
SF:lib/features/profileScreen/presentation/bloc/profile_state.dart
DA:5,1
DA:7,1
DA:8,1
DA:18,1
DA:20,1
DA:21,2
DA:27,1
DA:29,1
DA:30,2
LF:9
LH:9
end_of_record
SF:lib/features/profileScreen/presentation/bloc/profile_events.dart
DA:3,1
DA:5,0
DA:6,0
DA:13,1
DA:15,0
DA:16,0
LF:6
LH:2
end_of_record
SF:lib/features/profileScreen/presentation/bloc/profile_bloc.dart
DA:19,3
DA:20,2
DA:21,2
DA:24,1
DA:28,2
DA:30,2
DA:32,1
DA:33,3
DA:34,1
DA:36,2
DA:41,1
DA:45,2
DA:46,1
DA:47,3
DA:49,1
DA:50,3
DA:51,1
DA:52,2
DA:53,2
LF:19
LH:19
end_of_record
SF:lib/features/profileScreen/presentation/bloc/update_profile_bloc/update_profile_bloc.dart
DA:14,0
DA:15,0
DA:16,0
DA:19,0
DA:23,0
DA:25,0
DA:26,0
DA:27,0
DA:28,0
DA:31,0
DA:32,0
DA:33,0
LF:12
LH:0
end_of_record
SF:lib/features/profileScreen/presentation/bloc/update_profile_bloc/update_profile_state.dart
DA:4,0
DA:6,0
DA:7,0
DA:19,0
DA:21,0
DA:22,0
LF:6
LH:0
end_of_record
SF:lib/features/profileScreen/presentation/bloc/update_profile_bloc/update_profile_events.dart
DA:4,0
DA:6,0
DA:7,0
DA:15,0
DA:21,0
DA:22,0
LF:6
LH:0
end_of_record
SF:lib/features/SettingScreen/domain/use_cases/logout_usecase.dart
DA:10,0
DA:12,0
DA:14,0
DA:15,0
DA:16,0
DA:17,0
DA:18,0
DA:21,0
LF:8
LH:0
end_of_record
SF:lib/features/SettingScreen/presentation/bloc/logout_bloc/logout_bloc.dart
DA:13,0
DA:14,0
DA:17,0
DA:19,0
DA:22,0
DA:23,0
DA:24,0
DA:27,0
LF:8
LH:0
end_of_record
SF:lib/features/SettingScreen/presentation/bloc/logout_bloc/logout_event.dart
DA:5,0
DA:7,0
DA:8,0
LF:3
LH:0
end_of_record
SF:lib/features/SettingScreen/presentation/bloc/logout_bloc/logout_state.dart
DA:3,0
DA:5,0
DA:6,0
DA:17,0
DA:19,0
DA:20,0
LF:6
LH:0
end_of_record
SF:lib/features/SettingScreen/presentation/cubit/auth_cubit.dart
DA:10,0
DA:12,0
DA:13,0
DA:14,0
DA:15,0
DA:16,0
DA:17,0
DA:18,0
LF:8
LH:0
end_of_record
SF:lib/features/welcomescreens/presentation/bloc/obBoardingBloc/onboarding_cubit.dart
DA:8,0
DA:10,0
DA:11,0
DA:12,0
DA:16,0
DA:17,0
DA:20,0
DA:21,0
LF:8
LH:0
end_of_record
SF:lib/features/welcomescreens/presentation/bloc/splashBloc/splash_bloc.dart
DA:16,0
DA:17,0
DA:20,0
DA:22,0
DA:24,0
DA:25,0
DA:27,0
DA:28,0
DA:31,0
DA:32,0
DA:33,0
DA:35,0
LF:12
LH:0
end_of_record
SF:lib/features/welcomescreens/presentation/bloc/splashBloc/splash_state.dart
DA:4,0
DA:6,0
DA:7,0
LF:3
LH:0
end_of_record
SF:lib/features/welcomescreens/presentation/bloc/splashBloc/splash_events.dart
DA:5,0
DA:7,0
DA:8,0
LF:3
LH:0
end_of_record
SF:lib/config/routes/app_router.dart
DA:38,0
DA:39,0
DA:41,0
DA:42,0
DA:44,0
DA:45,0
DA:47,0
DA:48,0
DA:49,0
DA:50,0
DA:51,0
DA:53,0
DA:54,0
DA:55,0
DA:56,0
DA:57,0
DA:58,0
DA:59,0
DA:60,0
DA:63,0
DA:64,0
DA:65,0
DA:66,0
DA:67,0
DA:68,0
DA:69,0
DA:72,0
DA:73,0
DA:74,0
LF:29
LH:0
end_of_record
SF:lib/config/themes/theme_bloc/theme_state.dart
DA:5,5
DA:7,0
DA:8,0
DA:12,5
DA:16,5
LF:5
LH:3
end_of_record
SF:lib/config/themes/theme_bloc/theme_event.dart
DA:3,0
DA:4,0
LF:2
LH:0
end_of_record
SF:lib/config/themes/theme_bloc/theme_bloc.dart
DA:18,0
DA:19,0
DA:20,0
DA:23,0
DA:24,0
DA:26,0
DA:27,0
DA:28,0
DA:29,0
DA:32,0
DA:33,0
DA:37,0
DA:38,0
DA:39,0
DA:41,0
DA:42,0
DA:43,0
LF:17
LH:0
end_of_record
SF:lib/config/di/injection_module.dart
DA:10,0
DA:11,0
DA:12,0
DA:14,0
DA:15,0
DA:16,0
DA:18,0
DA:19,0
LF:8
LH:0
end_of_record
SF:lib/config/di/di.container.dart
DA:5,3
DA:7,0
DA:12,0
LF:3
LH:1
end_of_record
SF:lib/features/SettingScreen/presentation/screens/settings_view.dart
DA:15,5
DA:17,0
DA:18,0
DA:22,0
DA:24,0
DA:25,0
DA:28,0
DA:29,0
DA:32,0
DA:34,0
DA:35,0
DA:36,0
DA:37,0
DA:40,0
DA:41,0
DA:42,0
DA:58,0
DA:60,0
DA:61,0
DA:62,0
DA:63,0
DA:64,0
DA:65,0
DA:66,0
DA:68,0
DA:73,0
DA:74,0
DA:79,0
DA:84,0
DA:89,0
DA:90,0
DA:91,0
DA:95,0
DA:96,0
DA:99,0
DA:103,0
DA:104,0
DA:107,0
DA:111,0
DA:112,0
DA:115,0
DA:119,0
DA:120,0
DA:126,0
DA:127,0
DA:128,0
DA:132,0
DA:133,0
DA:136,0
DA:140,0
DA:141,0
DA:144,0
DA:149,0
DA:162,0
DA:163,0
DA:166,0
DA:167,0
DA:169,0
DA:171,0
DA:173,0
DA:187,0
DA:189,0
DA:190,0
DA:191,0
DA:194,0
DA:195,0
DA:198,0
DA:199,0
DA:200,0
DA:212,0
DA:213,0
LF:71
LH:1
end_of_record
SF:lib/features/auth/presentation/screens/login_view.dart
DA:18,6
DA:20,1
DA:21,1
DA:33,1
DA:35,1
DA:36,1
DA:37,1
DA:40,1
DA:42,2
DA:43,2
DA:44,1
DA:47,1
DA:48,2
DA:49,0
DA:50,0
DA:51,0
DA:52,0
DA:53,0
DA:54,0
DA:58,1
DA:59,2
DA:60,0
DA:62,0
DA:63,0
DA:64,0
DA:65,0
DA:70,0
DA:71,0
DA:72,0
DA:73,0
DA:74,0
DA:76,0
DA:77,0
DA:85,0
DA:86,0
DA:87,0
DA:88,0
DA:89,0
DA:95,0
DA:96,0
DA:98,0
DA:101,0
DA:103,0
DA:104,0
DA:106,0
DA:107,0
DA:108,0
DA:109,0
DA:114,0
DA:116,0
DA:117,0
DA:124,0
DA:125,0
DA:133,0
DA:134,0
DA:135,0
DA:136,0
DA:137,0
DA:138,0
DA:141,0
DA:142,0
DA:143,0
DA:144,0
DA:146,0
DA:147,0
DA:148,0
DA:153,0
DA:155,0
DA:157,0
DA:158,0
DA:159,0
DA:160,0
DA:165,0
DA:167,0
DA:168,0
DA:177,0
DA:178,0
DA:179,0
DA:180,0
DA:181,0
DA:182,0
DA:185,0
DA:186,0
DA:187,0
DA:188,0
DA:196,0
DA:197,0
DA:198,0
DA:199,0
DA:200,0
DA:201,0
DA:202,0
DA:203,0
DA:204,0
DA:207,0
DA:210,0
DA:211,0
DA:212,0
DA:213,0
DA:215,0
DA:216,0
DA:220,0
DA:221,0
DA:222,0
DA:224,0
DA:227,0
DA:228,0
DA:230,0
DA:231,0
DA:232,0
DA:238,0
DA:240,0
DA:249,0
DA:256,1
DA:258,3
DA:260,1
DA:261,1
DA:262,1
DA:263,1
DA:264,1
DA:265,0
DA:266,0
DA:267,0
DA:268,0
DA:270,0
DA:271,0
DA:273,0
DA:275,0
DA:281,0
DA:283,0
DA:284,0
DA:285,0
DA:288,1
DA:289,1
DA:297,1
DA:298,1
DA:299,1
DA:300,1
DA:301,1
DA:306,1
DA:307,1
DA:308,1
DA:311,1
DA:314,1
DA:316,1
DA:324,1
DA:325,1
DA:330,1
DA:331,1
DA:332,1
DA:333,1
DA:334,1
DA:335,1
DA:336,1
DA:338,1
DA:339,1
DA:340,2
DA:341,1
DA:342,2
DA:344,0
DA:345,0
DA:347,0
DA:348,0
DA:349,0
DA:350,0
DA:351,0
DA:355,0
DA:360,1
LF:168
LH:50
end_of_record
SF:lib/features/auth/presentation/screens/reset_password_Screen.dart
DA:14,0
DA:17,0
DA:18,0
DA:27,0
DA:28,0
DA:29,0
DA:31,0
DA:32,0
DA:36,0
DA:37,0
DA:41,0
DA:42,0
DA:46,0
DA:47,0
DA:48,0
DA:52,0
DA:54,0
DA:56,0
DA:57,0
DA:58,0
DA:59,0
DA:60,0
DA:62,0
DA:65,0
DA:66,0
DA:67,0
DA:68,0
DA:69,0
DA:72,0
DA:73,0
DA:74,0
DA:75,0
DA:77,0
DA:82,0
DA:83,0
DA:84,0
DA:87,0
DA:89,0
DA:90,0
DA:92,0
DA:94,0
DA:100,0
DA:101,0
DA:102,0
DA:103,0
DA:105,0
DA:106,0
DA:107,0
DA:108,0
DA:109,0
DA:111,0
DA:115,0
DA:116,0
DA:117,0
DA:122,0
DA:123,0
DA:124,0
DA:129,0
DA:130,0
DA:131,0
DA:136,0
DA:137,0
DA:139,0
DA:142,0
DA:143,0
DA:145,0
DA:146,0
LF:67
LH:0
end_of_record
SF:lib/features/auth/presentation/screens/send_otp_screen.dart
DA:15,5
DA:17,0
DA:18,0
DA:25,0
DA:26,0
DA:27,0
DA:28,0
DA:29,0
DA:32,0
DA:36,0
DA:38,0
DA:40,0
DA:41,0
DA:42,0
DA:43,0
DA:44,0
DA:45,0
DA:46,0
DA:47,0
DA:48,0
DA:49,0
DA:52,0
DA:53,0
DA:54,0
DA:55,0
DA:57,0
DA:62,0
DA:63,0
DA:64,0
DA:67,0
DA:69,0
DA:70,0
DA:72,0
DA:74,0
DA:80,0
DA:81,0
DA:82,0
DA:83,0
DA:85,0
DA:86,0
DA:87,0
DA:88,0
DA:89,0
DA:91,0
DA:95,0
DA:97,0
DA:103,0
DA:104,0
DA:107,0
DA:109,0
DA:110,0
DA:111,0
DA:115,0
DA:116,0
DA:118,0
DA:121,0
DA:132,0
DA:133,0
DA:134,0
LF:59
LH:1
end_of_record
SF:lib/features/auth/presentation/screens/signup_view.dart
DA:19,5
DA:21,0
DA:22,0
DA:37,0
DA:38,0
DA:39,0
DA:42,0
DA:44,0
DA:45,0
DA:46,0
DA:47,0
DA:52,0
DA:53,0
DA:55,0
DA:58,0
DA:60,0
DA:64,0
DA:65,0
DA:66,0
DA:67,0
DA:68,0
DA:69,0
DA:70,0
DA:71,0
DA:72,0
DA:73,0
DA:74,0
DA:75,0
DA:79,0
DA:80,0
DA:81,0
DA:85,0
DA:86,0
DA:87,0
DA:91,0
DA:92,0
DA:95,0
DA:96,0
DA:98,0
DA:99,0
DA:100,0
DA:103,0
DA:104,0
DA:105,0
DA:106,0
DA:112,0
DA:113,0
DA:116,0
DA:117,0
DA:119,0
DA:120,0
DA:121,0
DA:124,0
DA:125,0
DA:126,0
DA:130,0
DA:131,0
DA:132,0
DA:137,0
DA:138,0
DA:141,0
DA:143,0
DA:144,0
DA:145,0
DA:146,0
DA:147,0
DA:149,0
DA:151,0
DA:153,0
DA:154,0
DA:155,0
DA:156,0
DA:172,0
DA:173,0
DA:174,0
DA:175,0
DA:176,0
DA:177,0
DA:178,0
DA:182,0
DA:183,0
DA:185,0
DA:186,0
DA:191,0
DA:192,0
DA:193,0
DA:194,0
DA:195,0
DA:196,0
DA:197,0
DA:199,0
DA:200,0
DA:201,0
DA:202,0
DA:208,0
DA:209,0
DA:210,0
DA:211,0
DA:212,0
DA:213,0
DA:215,0
DA:216,0
DA:217,0
DA:220,0
LF:104
LH:1
end_of_record
SF:lib/features/auth/presentation/screens/verify_otp_screen.dart
DA:14,0
DA:18,0
DA:19,0
DA:25,0
DA:26,0
DA:27,0
DA:28,0
DA:31,0
DA:35,0
DA:37,0
DA:39,0
DA:40,0
DA:41,0
DA:43,0
DA:44,0
DA:45,0
DA:46,0
DA:50,0
DA:51,0
DA:52,0
DA:53,0
DA:54,0
DA:60,0
DA:61,0
DA:62,0
DA:63,0
DA:65,0
DA:70,0
DA:71,0
DA:72,0
DA:75,0
DA:77,0
DA:78,0
DA:80,0
DA:82,0
DA:88,0
DA:89,0
DA:90,0
DA:91,0
DA:93,0
DA:94,0
DA:95,0
DA:96,0
DA:97,0
DA:99,0
DA:103,0
DA:104,0
DA:105,0
DA:111,0
DA:112,0
DA:114,0
DA:115,0
DA:117,0
DA:119,0
DA:120,0
DA:122,0
DA:125,0
DA:128,0
DA:129,0
DA:130,0
DA:131,0
DA:132,0
DA:134,0
DA:136,0
LF:64
LH:0
end_of_record
SF:lib/features/blogScreen/domain/entity/blog_entity.dart
DA:12,1
DA:22,1
DA:23,8
DA:34,1
DA:43,1
DA:44,7
LF:6
LH:6
end_of_record
SF:lib/features/blogScreen/presentation/screens/blog_detail_page.dart
DA:18,0
DA:20,0
DA:21,0
DA:30,0
DA:32,0
DA:33,0
DA:36,0
DA:37,0
DA:38,0
DA:39,0
DA:42,0
DA:44,0
DA:47,0
DA:48,0
DA:50,0
DA:51,0
DA:52,0
DA:54,0
DA:55,0
DA:56,0
DA:57,0
DA:58,0
DA:59,0
DA:62,0
DA:63,0
DA:64,0
DA:65,0
DA:71,0
DA:72,0
DA:73,0
DA:78,0
DA:79,0
DA:82,0
DA:83,0
DA:84,0
DA:85,0
DA:86,0
DA:89,0
DA:91,0
DA:92,0
DA:93,0
DA:94,0
DA:96,0
DA:98,0
DA:99,0
DA:101,0
DA:102,0
DA:105,0
DA:108,0
DA:111,0
DA:112,0
DA:113,0
DA:114,0
DA:115,0
DA:117,0
DA:120,0
DA:123,0
DA:124,0
DA:125,0
DA:130,0
DA:131,0
DA:132,0
DA:134,0
DA:135,0
DA:136,0
DA:139,0
DA:140,0
DA:142,0
DA:143,0
DA:144,0
DA:145,0
DA:147,0
DA:148,0
DA:149,0
DA:150,0
DA:151,0
DA:153,0
DA:154,0
DA:155,0
DA:158,0
DA:159,0
DA:160,0
DA:161,0
DA:162,0
DA:164,0
DA:165,0
DA:168,0
DA:172,0
DA:173,0
DA:174,0
DA:175,0
DA:182,0
DA:183,0
DA:185,0
DA:186,0
DA:187,0
DA:188,0
DA:189,0
DA:191,0
DA:193,0
DA:197,0
DA:198,0
DA:199,0
DA:200,0
DA:202,0
DA:203,0
DA:205,0
DA:207,0
DA:208,0
DA:209,0
DA:211,0
DA:212,0
DA:213,0
DA:214,0
DA:215,0
DA:216,0
DA:217,0
DA:218,0
DA:221,0
DA:222,0
DA:224,0
DA:225,0
DA:227,0
DA:229,0
DA:230,0
DA:231,0
DA:232,0
DA:233,0
DA:234,0
DA:235,0
DA:236,0
DA:237,0
DA:238,0
DA:248,0
DA:249,0
DA:252,0
DA:253,0
DA:254,0
DA:255,0
DA:256,0
DA:258,0
DA:259,0
DA:262,0
DA:264,0
DA:266,0
DA:267,0
DA:273,0
DA:281,0
DA:283,0
DA:285,0
DA:286,0
DA:288,0
DA:289,0
DA:291,0
DA:293,0
DA:294,0
DA:297,0
DA:298,0
DA:300,0
DA:305,0
DA:306,0
DA:308,0
DA:310,0
DA:311,0
DA:316,0
DA:317,0
DA:319,0
DA:320,0
DA:325,0
DA:326,0
DA:327,0
DA:328,0
DA:330,0
DA:331,0
DA:332,0
DA:333,0
DA:351,0
DA:352,0
DA:353,0
LF:179
LH:0
end_of_record
SF:lib/features/blogScreen/presentation/screens/blogs_screen.dart
DA:13,5
DA:15,0
DA:16,0
DA:27,0
DA:29,0
DA:30,0
DA:31,0
DA:32,0
DA:33,0
DA:34,0
DA:39,0
DA:40,0
DA:41,0
DA:42,0
DA:43,0
DA:47,0
DA:49,0
DA:50,0
DA:51,0
DA:54,0
DA:55,0
DA:56,0
DA:57,0
DA:61,0
DA:63,0
DA:64,0
DA:65,0
DA:66,0
DA:68,0
DA:69,0
DA:70,0
DA:71,0
DA:73,0
DA:74,0
DA:77,0
DA:78,0
DA:79,0
DA:81,0
DA:83,0
DA:84,0
DA:85,0
DA:86,0
DA:88,0
DA:89,0
DA:90,0
DA:91,0
DA:95,0
DA:96,0
DA:98,0
DA:100,0
DA:101,0
DA:102,0
DA:104,0
DA:105,0
DA:113,0
DA:114,0
DA:116,0
DA:117,0
DA:118,0
DA:120,0
DA:121,0
DA:124,0
DA:125,0
DA:129,0
DA:135,0
DA:139,0
DA:140,0
DA:142,0
DA:144,0
DA:145,0
DA:152,0
DA:153,0
DA:157,0
DA:158,0
DA:160,0
DA:161,0
DA:163,0
DA:164,0
DA:170,0
DA:172,0
DA:173,0
DA:174,0
DA:175,0
DA:176,0
DA:177,0
DA:178,0
DA:188,0
DA:189,0
DA:200,0
DA:201,0
DA:203,0
LF:91
LH:1
end_of_record
SF:lib/features/coursesScreen/presentation/screens/course_detail_page.dart
DA:20,0
DA:22,0
DA:23,0
DA:29,0
DA:31,0
DA:32,0
DA:35,0
DA:36,0
DA:37,0
DA:38,0
DA:39,0
DA:40,0
DA:41,0
DA:42,0
DA:48,0
DA:49,0
DA:50,0
DA:54,0
DA:55,0
DA:58,0
DA:59,0
DA:61,0
DA:62,0
DA:63,0
DA:69,0
DA:70,0
DA:74,0
DA:75,0
DA:78,0
DA:80,0
DA:82,0
DA:83,0
DA:84,0
DA:85,0
DA:86,0
DA:87,0
DA:89,0
DA:90,0
DA:92,0
DA:93,0
DA:94,0
DA:95,0
DA:96,0
DA:98,0
DA:99,0
DA:100,0
DA:101,0
DA:102,0
DA:103,0
DA:106,0
DA:107,0
DA:108,0
DA:109,0
DA:110,0
DA:111,0
DA:113,0
DA:114,0
DA:117,0
DA:118,0
DA:127,0
LF:60
LH:0
end_of_record
SF:lib/features/coursesScreen/presentation/screens/course_screen.dart
DA:13,5
DA:15,0
DA:16,0
DA:48,0
DA:50,0
DA:51,0
DA:52,0
DA:56,0
DA:57,0
DA:61,0
DA:63,0
DA:64,0
DA:65,0
DA:69,0
DA:70,0
DA:71,0
DA:76,0
DA:78,0
DA:79,0
DA:80,0
DA:81,0
DA:82,0
DA:85,0
DA:86,0
DA:87,0
DA:88,0
DA:89,0
DA:90,0
DA:91,0
DA:92,0
DA:93,0
DA:98,0
DA:99,0
DA:100,0
DA:101,0
DA:104,0
DA:105,0
DA:106,0
DA:108,0
DA:109,0
DA:111,0
DA:115,0
DA:116,0
DA:117,0
DA:121,0
DA:122,0
DA:123,0
DA:127,0
DA:128,0
DA:130,0
DA:131,0
DA:132,0
DA:134,0
DA:135,0
DA:139,0
DA:140,0
DA:143,0
DA:144,0
DA:147,0
DA:150,0
DA:152,0
DA:153,0
DA:154,0
DA:156,0
DA:158,0
DA:159,0
DA:160,0
DA:161,0
DA:162,0
DA:163,0
DA:166,0
DA:168,0
DA:169,0
DA:170,0
DA:171,0
DA:172,0
DA:173,0
DA:174,0
DA:177,0
DA:180,0
DA:181,0
DA:183,0
DA:188,0
DA:189,0
DA:194,0
DA:195,0
DA:196,0
DA:197,0
DA:198,0
DA:200,0
DA:206,0
DA:210,0
DA:211,0
DA:212,0
DA:213,0
DA:215,0
DA:216,0
DA:217,0
DA:218,0
DA:219,0
DA:220,0
DA:224,0
DA:226,0
DA:227,0
DA:228,0
DA:229,0
DA:232,0
DA:235,0
DA:236,0
DA:237,0
DA:238,0
DA:240,0
DA:243,0
DA:245,0
DA:249,0
DA:250,0
DA:251,0
DA:252,0
DA:253,0
DA:255,0
DA:262,0
DA:263,0
DA:264,0
DA:267,0
DA:274,0
DA:275,0
DA:276,0
DA:277,0
DA:278,0
DA:279,0
DA:280,0
DA:281,0
DA:283,0
DA:284,0
DA:285,0
DA:286,0
DA:287,0
DA:288,0
DA:292,0
DA:294,0
DA:295,0
DA:297,0
DA:302,0
DA:303,0
DA:305,0
DA:310,0
DA:312,0
DA:313,0
DA:314,0
DA:315,0
DA:317,0
DA:318,0
DA:319,0
DA:320,0
DA:322,0
DA:323,0
DA:324,0
DA:326,0
DA:331,0
DA:332,0
DA:338,0
DA:340,0
DA:351,0
DA:353,0
DA:354,0
DA:356,0
DA:361,0
DA:362,0
DA:363,0
DA:364,0
DA:365,0
DA:366,0
DA:367,0
DA:368,0
DA:369,0
DA:371,0
DA:372,0
DA:373,0
DA:375,0
DA:380,0
DA:381,0
DA:387,0
DA:389,0
DA:400,0
DA:407,0
DA:408,0
DA:409,0
DA:410,0
DA:412,0
DA:413,0
DA:414,0
DA:415,0
DA:420,0
DA:421,0
DA:422,0
DA:423,0
DA:424,0
DA:425,0
DA:426,0
DA:427,0
DA:428,0
DA:429,0
DA:432,0
DA:434,0
DA:437,0
DA:439,0
DA:450,0
DA:454,0
DA:455,0
DA:460,0
DA:461,0
DA:463,0
DA:464,0
DA:466,0
DA:467,0
DA:469,0
DA:472,0
DA:473,0
DA:474,0
DA:475,0
DA:476,0
DA:479,0
DA:484,0
DA:487,0
DA:488,0
DA:489,0
DA:490,0
DA:493,0
DA:498,0
DA:499,0
DA:500,0
DA:501,0
DA:502,0
DA:503,0
DA:504,0
DA:505,0
DA:506,0
DA:507,0
DA:508,0
DA:509,0
DA:514,0
DA:518,0
DA:519,0
DA:530,0
DA:531,0
DA:533,0
DA:534,0
DA:538,0
DA:539,0
DA:540,0
DA:542,0
DA:543,0
DA:544,0
DA:545,0
DA:546,0
DA:547,0
DA:548,0
DA:554,0
DA:556,0
DA:558,0
DA:559,0
DA:563,0
DA:564,0
DA:568,0
DA:569,0
DA:570,0
DA:571,0
DA:572,0
DA:574,0
DA:575,0
DA:576,0
DA:577,0
DA:579,0
DA:580,0
DA:581,0
DA:582,0
DA:589,0
DA:594,0
DA:595,0
DA:596,0
DA:597,0
DA:598,0
DA:599,0
DA:600,0
DA:601,0
DA:604,0
DA:606,0
DA:608,0
DA:617,0
LF:289
LH:1
end_of_record
SF:lib/features/dashboardScreen/presentation/screens/dashboard_screen.dart
DA:23,5
DA:25,0
DA:26,0
DA:41,0
DA:43,0
DA:44,0
DA:45,0
DA:46,0
DA:49,0
DA:51,0
DA:52,0
DA:53,0
DA:56,0
DA:57,0
DA:58,0
DA:59,0
DA:60,0
DA:65,0
DA:67,0
DA:70,0
DA:71,0
DA:74,0
DA:75,0
DA:79,0
DA:83,0
DA:84,0
DA:85,0
DA:86,0
DA:88,0
DA:89,0
DA:91,0
DA:92,0
DA:94,0
DA:95,0
DA:98,0
DA:101,0
DA:102,0
DA:103,0
DA:104,0
DA:107,0
DA:108,0
DA:109,0
DA:111,0
DA:112,0
DA:114,0
DA:115,0
DA:118,0
DA:122,0
DA:124,0
DA:126,0
DA:127,0
DA:128,0
DA:129,0
DA:130,0
DA:131,0
DA:132,0
DA:138,0
DA:139,0
DA:140,0
DA:141,0
DA:148,0
DA:149,0
DA:150,0
DA:152,0
DA:153,0
DA:155,0
DA:160,0
DA:161,0
DA:162,0
DA:163,0
DA:164,0
DA:167,0
DA:168,0
DA:169,0
DA:174,0
DA:175,0
DA:176,0
DA:177,0
DA:180,0
DA:181,0
DA:182,0
DA:183,0
DA:184,0
DA:187,0
DA:191,0
DA:193,0
DA:194,0
DA:196,0
DA:197,0
DA:198,0
DA:202,0
DA:203,0
DA:213,0
DA:214,0
DA:215,0
DA:216,0
DA:217,0
DA:220,0
DA:221,0
DA:222,0
DA:223,0
DA:225,0
DA:226,0
DA:227,0
DA:228,0
DA:230,0
DA:234,0
DA:235,0
DA:238,0
DA:255,0
DA:256,0
DA:285,0
DA:286,0
DA:288,0
DA:289,0
DA:290,0
DA:291,0
DA:294,0
DA:295,0
DA:308,0
DA:309,0
DA:342,0
DA:373,0
DA:374,0
DA:375,0
DA:377,0
DA:384,0
DA:386,0
DA:392,0
DA:394,0
DA:400,0
DA:401,0
DA:402,0
DA:405,0
DA:406,0
LF:135
LH:1
end_of_record
SF:lib/features/dashboardScreen/presentation/screens/create_post_screen.dart
DA:20,0
DA:22,0
DA:23,0
DA:47,0
DA:49,0
DA:50,0
DA:53,0
DA:55,0
DA:56,0
DA:57,0
DA:58,0
DA:61,0
DA:63,0
DA:71,0
DA:72,0
DA:73,0
DA:78,0
DA:79,0
DA:80,0
DA:81,0
DA:89,0
DA:90,0
DA:91,0
DA:93,0
DA:98,0
DA:100,0
DA:101,0
DA:105,0
DA:106,0
DA:107,0
DA:116,0
DA:122,0
DA:123,0
DA:124,0
DA:127,0
DA:133,0
DA:134,0
DA:135,0
DA:145,0
DA:146,0
DA:147,0
DA:151,0
DA:152,0
DA:153,0
DA:155,0
DA:156,0
DA:159,0
DA:160,0
DA:161,0
DA:164,0
DA:165,0
DA:167,0
DA:171,0
DA:172,0
DA:173,0
DA:174,0
DA:182,0
DA:183,0
DA:184,0
DA:186,0
DA:187,0
DA:189,0
DA:190,0
DA:192,0
DA:194,0
DA:195,0
DA:218,0
DA:219,0
DA:220,0
DA:221,0
DA:222,0
DA:235,0
DA:236,0
DA:237,0
DA:240,0
DA:241,0
DA:246,0
DA:247,0
DA:248,0
DA:252,0
DA:253,0
DA:254,0
DA:263,0
DA:264,0
DA:266,0
DA:267,0
DA:268,0
DA:270,0
DA:275,0
DA:277,0
DA:278,0
DA:279,0
DA:280,0
DA:281,0
DA:286,0
DA:287,0
DA:288,0
DA:289,0
DA:307,0
DA:308,0
DA:310,0
DA:311,0
DA:312,0
DA:313,0
DA:315,0
DA:316,0
DA:317,0
DA:321,0
DA:323,0
DA:326,0
DA:331,0
DA:332,0
DA:350,0
DA:351,0
DA:352,0
DA:353,0
DA:354,0
DA:355,0
DA:356,0
DA:357,0
DA:359,0
DA:366,0
DA:369,0
DA:370,0
DA:371,0
DA:372,0
DA:373,0
DA:374,0
DA:379,0
DA:380,0
DA:381,0
DA:383,0
DA:388,0
DA:390,0
DA:391,0
DA:395,0
DA:396,0
DA:397,0
DA:406,0
DA:407,0
DA:408,0
DA:409,0
DA:410,0
DA:411,0
DA:412,0
DA:413,0
DA:419,0
DA:420,0
DA:421,0
DA:423,0
DA:435,0
DA:437,0
DA:438,0
DA:439,0
DA:440,0
DA:441,0
DA:442,0
DA:443,0
DA:444,0
DA:445,0
DA:448,0
DA:449,0
DA:450,0
DA:451,0
DA:452,0
DA:455,0
DA:458,0
DA:459,0
DA:466,0
DA:467,0
DA:468,0
DA:473,0
DA:487,0
DA:489,0
DA:491,0
DA:492,0
DA:493,0
DA:494,0
DA:495,0
DA:496,0
DA:499,0
DA:500,0
DA:525,0
DA:526,0
DA:527,0
DA:528,0
DA:529,0
DA:530,0
DA:531,0
DA:532,0
DA:533,0
DA:535,0
DA:537,0
DA:539,0
DA:540,0
DA:541,0
DA:542,0
DA:549,0
DA:550,0
DA:552,0
DA:554,0
DA:555,0
DA:557,0
DA:558,0
DA:559,0
DA:564,0
DA:566,0
DA:567,0
DA:568,0
DA:569,0
DA:570,0
DA:573,0
DA:575,0
DA:576,0
DA:577,0
DA:578,0
DA:579,0
DA:580,0
DA:581,0
DA:584,0
DA:604,0
DA:605,0
DA:608,0
DA:609,0
DA:610,0
DA:611,0
DA:633,0
DA:634,0
DA:652,0
DA:653,0
DA:670,0
DA:672,0
DA:675,0
DA:677,0
DA:678,0
DA:679,0
DA:683,0
DA:684,0
DA:685,0
DA:687,0
DA:688,0
DA:689,0
DA:695,0
DA:698,0
DA:699,0
DA:700,0
DA:701,0
DA:727,0
DA:729,0
DA:731,0
DA:734,0
DA:735,0
DA:736,0
DA:741,0
DA:742,0
DA:743,0
DA:748,0
DA:753,0
DA:759,0
DA:761,0
DA:763,0
DA:764,0
DA:770,0
DA:771,0
DA:783,0
DA:784,0
DA:786,0
DA:790,0
DA:791,0
DA:794,0
DA:796,0
DA:799,0
DA:801,0
DA:804,0
DA:816,0
DA:817,0
DA:818,0
DA:845,0
DA:850,0
DA:852,0
DA:854,0
DA:855,0
DA:856,0
DA:858,0
DA:860,0
DA:861,0
DA:863,0
DA:864,0
LF:288
LH:0
end_of_record
SF:lib/features/homeScreen/presentation/screens/home_view.dart
DA:17,5
DA:19,0
DA:20,0
DA:29,0
DA:31,0
DA:32,0
DA:33,0
DA:37,0
DA:38,0
DA:39,0
DA:41,0
DA:42,0
DA:46,0
DA:47,0
DA:48,0
DA:49,0
DA:51,0
DA:52,0
DA:55,0
DA:56,0
DA:57,0
DA:58,0
DA:59,0
DA:60,0
DA:66,0
DA:67,0
DA:68,0
DA:70,0
DA:74,0
DA:75,0
DA:77,0
DA:78,0
DA:84,0
DA:85,0
DA:87,0
DA:92,0
DA:93,0
DA:96,0
DA:101,0
DA:102,0
DA:104,0
DA:111,0
DA:112,0
DA:114,0
DA:115,0
DA:116,0
DA:117,0
DA:121,0
DA:122,0
DA:123,0
DA:128,0
DA:130,0
DA:131,0
DA:132,0
DA:134,0
DA:136,0
DA:143,0
DA:144,0
DA:145,0
DA:146,0
DA:150,0
DA:151,0
DA:153,0
DA:155,0
DA:156,0
DA:158,0
DA:174,0
DA:175,0
DA:176,0
DA:177,0
DA:179,0
DA:181,0
DA:186,0
DA:188,0
DA:189,0
DA:192,0
DA:194,0
DA:196,0
DA:197,0
DA:205,0
DA:206,0
DA:207,0
DA:208,0
DA:209,0
DA:210,0
DA:212,0
DA:218,0
LF:87
LH:1
end_of_record
SF:lib/features/profileScreen/presentation/screens/profile_screen.dart
DA:16,5
DA:18,0
DA:19,0
DA:23,0
DA:25,0
DA:26,0
DA:29,0
DA:31,0
DA:32,0
DA:34,0
DA:35,0
DA:37,0
DA:38,0
DA:43,0
DA:44,0
DA:49,0
DA:50,0
DA:52,0
DA:54,0
DA:55,0
DA:56,0
DA:61,0
DA:62,0
DA:64,0
DA:65,0
DA:70,0
DA:71,0
DA:72,0
DA:73,0
DA:74,0
DA:75,0
DA:78,0
DA:80,0
DA:81,0
DA:89,0
DA:97,0
DA:98,0
DA:99,0
DA:106,0
DA:113,0
DA:120,0
DA:127,0
DA:134,0
DA:141,0
DA:148,0
DA:157,0
DA:159,0
DA:161,0
DA:162,0
DA:163,0
DA:164,0
DA:170,0
DA:173,0
DA:174,0
DA:176,0
DA:177,0
DA:178,0
DA:183,0
DA:185,0
DA:186,0
DA:187,0
DA:189,0
DA:191,0
DA:192,0
DA:199,0
DA:200,0
DA:201,0
DA:203,0
DA:205,0
DA:208,0
DA:209,0
DA:210,0
DA:218,0
DA:220,0
DA:221,0
DA:222,0
DA:223,0
DA:225,0
DA:226,0
DA:227,0
DA:229,0
DA:230,0
DA:231,0
DA:233,0
DA:234,0
DA:235,0
DA:236,0
DA:237,0
DA:241,0
DA:242,0
LF:90
LH:1
end_of_record
SF:lib/features/welcomescreens/presentation/screens/onboarding_Screen.dart
DA:16,0
DA:18,0
DA:19,0
DA:20,0
DA:24,0
DA:25,0
DA:28,0
DA:29,0
DA:35,5
DA:37,0
DA:39,0
DA:41,0
DA:42,0
DA:49,5
DA:51,0
DA:52,0
DA:58,0
DA:64,0
DA:70,0
DA:78,0
DA:79,0
DA:85,0
DA:87,0
DA:88,0
DA:90,0
DA:91,0
DA:92,0
DA:101,0
DA:103,0
DA:104,0
DA:107,0
DA:109,0
DA:111,0
DA:112,0
DA:113,0
DA:114,0
DA:115,0
DA:116,0
DA:117,0
DA:118,0
DA:119,0
DA:120,0
DA:122,0
DA:123,0
DA:124,0
DA:125,0
DA:127,0
DA:130,0
DA:131,0
DA:132,0
DA:133,0
DA:134,0
DA:135,0
DA:137,0
DA:139,0
DA:141,0
DA:146,0
DA:147,0
DA:148,0
DA:149,0
DA:150,0
DA:152,0
DA:153,0
DA:154,0
DA:155,0
DA:156,0
DA:158,0
DA:159,0
DA:160,0
DA:161,0
DA:162,0
DA:163,0
DA:164,0
DA:165,0
DA:170,0
DA:171,0
DA:172,0
DA:173,0
DA:174,0
DA:175,0
DA:176,0
DA:178,0
DA:181,0
DA:182,0
DA:183,0
DA:188,0
DA:189,0
DA:190,0
DA:193,0
DA:198,0
DA:199,0
DA:200,0
DA:201,0
DA:203,0
DA:204,0
DA:205,0
DA:225,0
DA:232,0
DA:234,0
DA:236,0
DA:237,0
DA:238,0
DA:240,0
DA:241,0
DA:242,0
DA:243,0
DA:244,0
DA:246,0
DA:250,0
DA:251,0
DA:252,0
DA:254,0
DA:256,0
LF:113
LH:2
end_of_record
SF:lib/features/welcomescreens/presentation/screens/splash_Screen.dart
DA:13,5
DA:15,0
DA:16,0
DA:20,0
DA:22,0
DA:23,0
DA:26,0
DA:27,0
DA:28,0
DA:29,0
DA:31,0
DA:32,0
DA:33,0
DA:37,0
DA:38,0
DA:39,0
DA:45,0
DA:47,0
DA:48,0
DA:49,0
DA:50,0
DA:51,0
DA:53,0
DA:54,0
DA:56,0
DA:57,0
DA:60,0
DA:61,0
DA:62,0
DA:63,0
DA:64,0
LF:31
LH:1
end_of_record
SF:lib/features/profileScreen/presentation/screens/change_password_screen.dart
DA:14,5
DA:16,0
DA:17,0
DA:28,0
DA:30,0
DA:31,0
DA:32,0
DA:33,0
DA:36,0
DA:37,0
DA:41,0
DA:42,0
DA:43,0
DA:45,0
DA:46,0
DA:50,0
DA:51,0
DA:59,0
DA:60,0
DA:61,0
DA:62,0
DA:65,0
DA:67,0
DA:68,0
DA:69,0
DA:70,0
DA:71,0
DA:72,0
DA:73,0
DA:76,0
DA:78,0
DA:79,0
DA:80,0
DA:82,0
DA:84,0
DA:85,0
DA:86,0
DA:88,0
DA:93,0
DA:94,0
DA:98,0
DA:99,0
DA:106,0
DA:107,0
DA:111,0
DA:112,0
DA:115,0
DA:122,0
DA:123,0
DA:127,0
DA:128,0
DA:131,0
DA:138,0
DA:140,0
LF:54
LH:1
end_of_record
SF:lib/features/profileScreen/presentation/screens/edit_profile_screen.dart
DA:16,5
DA:18,0
DA:19,0
DA:28,0
DA:30,0
DA:31,0
DA:32,0
DA:33,0
DA:36,0
DA:37,0
DA:41,0
DA:42,0
DA:43,0
DA:47,0
DA:48,0
DA:49,0
DA:51,0
DA:52,0
DA:56,0
DA:57,0
DA:58,0
DA:59,0
DA:62,0
DA:64,0
DA:65,0
DA:66,0
DA:67,0
DA:68,0
DA:69,0
DA:70,0
DA:73,0
DA:75,0
DA:76,0
DA:77,0
DA:79,0
DA:80,0
DA:81,0
DA:82,0
DA:83,0
DA:85,0
DA:86,0
DA:87,0
DA:89,0
DA:94,0
DA:95,0
DA:96,0
DA:98,0
DA:103,0
DA:104,0
DA:108,0
DA:109,0
DA:116,0
DA:117,0
DA:121,0
DA:122,0
DA:125,0
DA:127,0
DA:134,0
DA:135,0
DA:142,0
DA:144,0
DA:152,0
DA:153,0
LF:63
LH:1
end_of_record
SF:lib/features/SettingScreen/presentation/screens/aboutus_page.dart
DA:9,5
DA:11,0
DA:12,0
DA:22,0
DA:24,0
DA:25,0
DA:29,0
DA:34,0
DA:35,0
DA:38,0
DA:39,0
DA:40,0
DA:43,0
DA:44,0
DA:47,0
DA:49,0
DA:50,0
DA:51,0
DA:54,0
DA:56,0
DA:58,0
DA:59,0
DA:60,0
DA:61,0
DA:63,0
DA:64,0
DA:68,0
DA:69,0
DA:70,0
DA:72,0
DA:73,0
DA:74,0
DA:75,0
DA:80,0
DA:81,0
DA:82,0
DA:83,0
DA:84,0
DA:86,0
DA:94,0
DA:98,0
DA:99,0
DA:100,0
DA:101,0
DA:102,0
DA:104,0
DA:105,0
DA:107,0
DA:108,0
DA:109,0
DA:150,0
DA:152,0
DA:157,0
DA:158,0
DA:160,0
DA:161,0
DA:165,0
DA:168,0
DA:169,0
DA:177,0
DA:190,0
DA:193,0
DA:199,0
DA:202,0
DA:208,0
DA:211,0
DA:217,0
DA:220,0
DA:226,0
DA:236,0
DA:241,0
DA:242,0
DA:244,0
DA:245,0
DA:246,0
DA:247,0
DA:253,0
DA:255,0
DA:257,0
DA:258,0
DA:259,0
DA:260,0
DA:262,0
DA:264,0
DA:266,0
DA:269,0
DA:270,0
DA:284,0
DA:291,0
DA:297,0
DA:299,0
DA:300,0
DA:301,0
DA:302,0
DA:304,0
DA:306,0
DA:307,0
DA:309,0
DA:311,0
DA:313,0
DA:316,0
DA:317,0
DA:319,0
DA:320,0
DA:322,0
DA:329,0
DA:345,0
DA:346,0
DA:347,0
DA:354,0
DA:361,0
DA:369,0
DA:370,0
DA:371,0
DA:373,0
DA:374,0
DA:375,0
DA:376,0
DA:377,0
DA:380,0
DA:384,0
DA:390,0
DA:392,0
DA:393,0
DA:394,0
DA:395,0
DA:397,0
DA:398,0
DA:399,0
DA:401,0
DA:402,0
DA:405,0
DA:406,0
DA:417,0
DA:419,0
DA:428,0
DA:430,0
DA:432,0
DA:446,0
DA:447,0
DA:448,0
DA:454,0
DA:460,0
DA:468,0
DA:469,0
DA:470,0
DA:472,0
DA:473,0
DA:474,0
DA:475,0
DA:476,0
DA:479,0
DA:483,0
DA:489,0
DA:491,0
DA:492,0
DA:493,0
DA:494,0
DA:496,0
DA:498,0
DA:499,0
DA:501,0
DA:503,0
DA:505,0
DA:508,0
DA:509,0
DA:511,0
DA:512,0
DA:514,0
DA:521,0
DA:523,0
DA:525,0
DA:537,0
DA:538,0
DA:539,0
DA:545,0
DA:551,0
DA:559,0
DA:560,0
DA:561,0
DA:563,0
DA:564,0
DA:565,0
DA:566,0
DA:569,0
DA:573,0
DA:578,0
DA:580,0
DA:581,0
DA:582,0
DA:583,0
DA:585,0
DA:586,0
DA:587,0
DA:590,0
DA:593,0
DA:594,0
DA:604,0
DA:606,0
DA:607,0
DA:610,0
DA:611,0
DA:619,0
DA:621,0
DA:622,0
DA:630,0
DA:632,0
DA:643,0
DA:644,0
DA:645,0
DA:650,0
DA:655,0
DA:662,0
DA:663,0
DA:664,0
DA:666,0
DA:667,0
DA:668,0
DA:671,0
DA:675,0
DA:676,0
DA:677,0
DA:678,0
DA:679,0
DA:680,0
DA:682,0
DA:683,0
DA:691,0
DA:692,0
DA:694,0
DA:696,0
DA:698,0
DA:708,0
DA:709,0
DA:711,0
DA:712,0
DA:713,0
DA:715,0
DA:720,0
DA:722,0
DA:723,0
DA:724,0
DA:726,0
DA:727,0
DA:728,0
DA:753,0
DA:755,0
DA:756,0
DA:757,0
LF:249
LH:1
end_of_record
SF:lib/features/SettingScreen/presentation/screens/notification_settings_screen.dart
DA:8,5
DA:10,0
DA:12,0
DA:26,0
DA:28,0
DA:29,0
DA:30,0
DA:35,0
DA:47,0
DA:48,0
DA:49,0
DA:51,0
DA:64,0
DA:65,0
DA:66,0
DA:68,0
DA:69,0
DA:70,0
DA:98,0
DA:100,0
DA:101,0
DA:103,0
DA:106,0
DA:107,0
DA:110,0
DA:111,0
DA:112,0
DA:114,0
DA:117,0
DA:118,0
DA:119,0
DA:127,0
DA:130,0
DA:131,0
DA:134,0
DA:135,0
DA:136,0
DA:138,0
DA:141,0
DA:142,0
DA:143,0
DA:151,0
DA:154,0
DA:155,0
DA:158,0
DA:159,0
DA:160,0
DA:162,0
DA:165,0
DA:166,0
DA:174,0
DA:177,0
DA:178,0
DA:181,0
DA:182,0
DA:183,0
DA:185,0
DA:188,0
DA:189,0
DA:190,0
DA:198,0
DA:201,0
DA:202,0
DA:205,0
DA:206,0
DA:207,0
DA:215,0
DA:217,0
DA:218,0
DA:220,0
DA:226,0
DA:228,0
DA:232,0
DA:233,0
DA:255,0
DA:260,0
DA:261,0
DA:263,0
DA:264,0
DA:265,0
DA:266,0
DA:272,0
DA:273,0
DA:275,0
DA:277,0
DA:278,0
DA:284,0
DA:285,0
DA:286,0
DA:288,0
DA:290,0
DA:292,0
DA:295,0
DA:307,0
DA:313,0
DA:319,0
DA:321,0
DA:322,0
DA:323,0
DA:324,0
DA:326,0
DA:327,0
DA:336,0
DA:338,0
DA:343,0
DA:347,0
LF:106
LH:1
end_of_record
SF:lib/features/SettingScreen/presentation/screens/security_settings_screen.dart
DA:8,5
DA:10,0
DA:11,0
DA:21,0
DA:23,0
DA:24,0
DA:25,0
DA:30,0
DA:42,0
DA:43,0
DA:44,0
DA:46,0
DA:59,0
DA:60,0
DA:61,0
DA:63,0
DA:64,0
DA:65,0
DA:93,0
DA:95,0
DA:96,0
DA:98,0
DA:101,0
DA:102,0
DA:105,0
DA:106,0
DA:107,0
DA:109,0
DA:112,0
DA:113,0
DA:114,0
DA:122,0
DA:125,0
DA:126,0
DA:129,0
DA:130,0
DA:131,0
DA:133,0
DA:136,0
DA:137,0
DA:138,0
DA:146,0
DA:149,0
DA:150,0
DA:153,0
DA:154,0
DA:155,0
DA:157,0
DA:161,0
DA:171,0
DA:174,0
DA:175,0
DA:179,0
DA:183,0
DA:187,0
DA:197,0
DA:200,0
DA:201,0
DA:205,0
DA:209,0
DA:213,0
DA:214,0
DA:224,0
DA:226,0
DA:228,0
DA:229,0
DA:230,0
DA:231,0
DA:237,0
DA:238,0
DA:239,0
DA:240,0
DA:241,0
DA:243,0
DA:245,0
DA:265,0
DA:270,0
DA:272,0
DA:273,0
DA:277,0
DA:279,0
DA:280,0
DA:296,0
DA:301,0
DA:302,0
DA:304,0
DA:305,0
DA:306,0
DA:307,0
DA:313,0
DA:314,0
DA:316,0
DA:318,0
DA:319,0
DA:325,0
DA:326,0
DA:327,0
DA:329,0
DA:331,0
DA:333,0
DA:336,0
DA:348,0
DA:354,0
DA:360,0
DA:362,0
DA:363,0
DA:364,0
DA:365,0
DA:367,0
DA:368,0
DA:377,0
DA:379,0
DA:384,0
DA:388,0
DA:395,0
DA:402,0
DA:404,0
DA:406,0
DA:407,0
DA:408,0
DA:409,0
DA:411,0
DA:413,0
DA:414,0
DA:415,0
DA:417,0
DA:424,0
DA:425,0
DA:427,0
DA:428,0
DA:430,0
DA:437,0
DA:439,0
DA:444,0
DA:451,0
DA:456,0
DA:458,0
DA:460,0
DA:461,0
DA:465,0
DA:467,0
DA:468,0
DA:469,0
DA:471,0
DA:473,0
DA:485,0
DA:486,0
DA:487,0
DA:488,0
DA:493,0
DA:494,0
DA:495,0
DA:498,0
DA:499,0
DA:500,0
DA:503,0
LF:156
LH:1
end_of_record
SF:lib/features/SettingScreen/presentation/screens/privacy_settings_screen.dart
DA:8,5
DA:10,0
DA:11,0
DA:24,0
DA:26,0
DA:27,0
DA:28,0
DA:33,0
DA:45,0
DA:46,0
DA:47,0
DA:49,0
DA:62,0
DA:63,0
DA:64,0
DA:66,0
DA:67,0
DA:68,0
DA:96,0
DA:98,0
DA:99,0
DA:101,0
DA:104,0
DA:105,0
DA:108,0
DA:109,0
DA:110,0
DA:112,0
DA:115,0
DA:116,0
DA:117,0
DA:119,0
DA:122,0
DA:123,0
DA:124,0
DA:132,0
DA:135,0
DA:136,0
DA:139,0
DA:140,0
DA:141,0
DA:143,0
DA:146,0
DA:147,0
DA:148,0
DA:156,0
DA:159,0
DA:160,0
DA:164,0
DA:165,0
DA:166,0
DA:168,0
DA:172,0
DA:173,0
DA:174,0
DA:176,0
DA:179,0
DA:180,0
DA:181,0
DA:189,0
DA:192,0
DA:193,0
DA:197,0
DA:201,0
DA:205,0
DA:209,0
DA:213,0
DA:214,0
DA:224,0
DA:227,0
DA:228,0
DA:232,0
DA:236,0
DA:240,0
DA:244,0
DA:248,0
DA:258,0
DA:260,0
DA:262,0
DA:263,0
DA:264,0
DA:265,0
DA:271,0
DA:272,0
DA:273,0
DA:274,0
DA:275,0
DA:277,0
DA:279,0
DA:299,0
DA:301,0
DA:302,0
DA:306,0
DA:308,0
DA:309,0
DA:313,0
DA:315,0
DA:316,0
DA:327,0
DA:329,0
DA:330,0
DA:332,0
DA:338,0
DA:340,0
DA:344,0
DA:345,0
DA:367,0
DA:372,0
DA:373,0
DA:375,0
DA:376,0
DA:377,0
DA:378,0
DA:384,0
DA:385,0
DA:387,0
DA:389,0
DA:390,0
DA:396,0
DA:397,0
DA:398,0
DA:400,0
DA:402,0
DA:404,0
DA:407,0
DA:419,0
DA:425,0
DA:431,0
DA:433,0
DA:434,0
DA:435,0
DA:436,0
DA:438,0
DA:439,0
DA:448,0
DA:450,0
DA:455,0
DA:459,0
DA:466,0
DA:473,0
DA:475,0
DA:477,0
DA:478,0
DA:479,0
DA:480,0
DA:482,0
DA:484,0
DA:485,0
DA:486,0
DA:488,0
DA:495,0
DA:496,0
DA:498,0
DA:499,0
DA:501,0
DA:508,0
DA:510,0
DA:515,0
DA:522,0
DA:527,0
DA:529,0
DA:531,0
DA:532,0
DA:536,0
DA:538,0
DA:539,0
DA:540,0
DA:542,0
DA:544,0
DA:556,0
DA:557,0
DA:558,0
DA:559,0
DA:564,0
DA:565,0
DA:566,0
DA:569,0
DA:570,0
DA:571,0
DA:574,0
LF:180
LH:1
end_of_record
SF:lib/features/SettingScreen/presentation/screens/contact_us_screen.dart
DA:8,5
DA:10,0
DA:11,0
DA:32,0
DA:34,0
DA:35,0
DA:36,0
DA:37,0
DA:38,0
DA:41,0
DA:43,0
DA:44,0
DA:45,0
DA:50,0
DA:62,0
DA:63,0
DA:64,0
DA:66,0
DA:79,0
DA:80,0
DA:81,0
DA:83,0
DA:84,0
DA:85,0
DA:113,0
DA:115,0
DA:116,0
DA:118,0
DA:119,0
DA:120,0
DA:121,0
DA:126,0
DA:132,0
DA:133,0
DA:138,0
DA:148,0
DA:149,0
DA:150,0
DA:151,0
DA:156,0
DA:162,0
DA:163,0
DA:168,0
DA:179,0
DA:180,0
DA:182,0
DA:183,0
DA:184,0
DA:185,0
DA:191,0
DA:193,0
DA:194,0
DA:195,0
DA:197,0
DA:198,0
DA:199,0
DA:200,0
DA:202,0
DA:204,0
DA:226,0
DA:228,0
DA:229,0
DA:230,0
DA:231,0
DA:232,0
DA:240,0
DA:241,0
DA:244,0
DA:245,0
DA:255,0
DA:256,0
DA:260,0
DA:261,0
DA:264,0
DA:266,0
DA:276,0
DA:277,0
DA:280,0
DA:281,0
DA:291,0
DA:292,0
DA:296,0
DA:297,0
DA:300,0
DA:310,0
DA:312,0
DA:313,0
DA:314,0
DA:320,0
DA:321,0
DA:343,0
DA:344,0
DA:346,0
DA:347,0
DA:348,0
DA:349,0
DA:355,0
DA:357,0
DA:359,0
DA:360,0
DA:361,0
DA:362,0
DA:364,0
DA:366,0
DA:386,0
DA:391,0
DA:396,0
DA:414,0
DA:421,0
DA:422,0
DA:424,0
DA:425,0
DA:426,0
DA:427,0
DA:433,0
DA:435,0
DA:436,0
DA:438,0
DA:439,0
DA:440,0
DA:442,0
DA:443,0
DA:444,0
DA:446,0
DA:449,0
DA:458,0
DA:460,0
DA:470,0
DA:476,0
DA:478,0
DA:479,0
DA:488,0
DA:489,0
DA:490,0
DA:491,0
DA:493,0
DA:502,0
DA:503,0
DA:504,0
DA:512,0
DA:520,0
DA:522,0
DA:523,0
DA:532,0
DA:537,0
DA:538,0
DA:539,0
DA:540,0
DA:541,0
DA:543,0
DA:544,0
DA:545,0
DA:547,0
DA:548,0
DA:549,0
DA:551,0
DA:552,0
DA:553,0
DA:565,0
DA:566,0
DA:567,0
DA:575,0
DA:576,0
DA:578,0
DA:580,0
DA:587,0
DA:588,0
DA:590,0
DA:591,0
DA:593,0
DA:597,0
DA:598,0
DA:601,0
DA:611,0
DA:612,0
DA:613,0
DA:614,0
DA:615,0
DA:616,0
LF:179
LH:1
end_of_record
SF:lib/config/themes/app_themes_color.dart
DA:70,0
DA:76,0
LF:2
LH:0
end_of_record
SF:lib/config/themes/extensions/text_theme_extension.dart
DA:5,0
DA:11,0
DA:16,0
DA:21,0
LF:4
LH:0
end_of_record
SF:lib/cores/common/common_snackbar.dart
DA:4,1
DA:11,2
DA:13,2
DA:15,2
DA:16,0
DA:19,1
DA:20,0
DA:24,1
DA:30,1
DA:31,1
DA:33,1
DA:35,1
DA:36,1
DA:38,1
DA:39,1
DA:42,1
DA:44,1
DA:46,1
DA:52,1
DA:54,1
DA:66,2
LF:21
LH:19
end_of_record
SF:lib/cores/services/api_service.dart
DA:10,0
DA:12,0
DA:13,0
DA:14,0
DA:15,0
DA:16,0
DA:17,0
DA:18,0
DA:19,0
DA:25,0
DA:34,1
DA:36,2
DA:38,0
DA:43,0
DA:45,0
DA:47,0
DA:51,0
DA:60,0
LF:18
LH:2
end_of_record
SF:lib/features/SettingScreen/presentation/cubit/logout_state.dart
DA:4,0
DA:6,0
DA:7,0
DA:18,0
DA:20,0
DA:21,0
LF:6
LH:0
end_of_record
SF:lib/features/SettingScreen/presentation/widgets/setting_widgets/section_card.dart
DA:6,0
DA:8,0
DA:10,0
DA:12,0
DA:14,0
LF:5
LH:0
end_of_record
SF:lib/features/SettingScreen/presentation/widgets/setting_widgets/settings_dropdown_tile.dart
DA:10,0
DA:19,0
DA:21,0
DA:22,0
DA:23,0
DA:24,0
DA:25,0
DA:26,0
DA:28,0
DA:29,0
DA:30,0
LF:11
LH:0
end_of_record
SF:lib/features/SettingScreen/presentation/widgets/setting_widgets/settings_navigation_tile.dart
DA:10,0
DA:19,0
DA:21,0
DA:22,0
DA:23,0
DA:24,0
DA:26,0
LF:7
LH:0
end_of_record
SF:lib/features/SettingScreen/presentation/widgets/setting_widgets/settings_switch_tile.dart
DA:9,0
DA:17,0
DA:19,0
DA:20,0
DA:21,0
DA:22,0
DA:23,0
LF:7
LH:0
end_of_record
SF:lib/features/auth/data/models/login/login_model_params.dart
DA:15,0
DA:18,0
DA:19,0
DA:20,0
DA:21,0
LF:5
LH:0
end_of_record
SF:lib/features/auth/data/models/login/login_model_params.g.dart
DA:9,0
DA:10,0
DA:11,0
DA:12,0
DA:15,0
DA:16,0
LF:6
LH:0
end_of_record
SF:lib/features/auth/presentation/widgets/loading_overlay.dart
DA:6,5
DA:8,1
DA:10,1
DA:11,1
DA:12,1
DA:13,1
DA:14,1
DA:15,1
DA:16,1
DA:17,1
DA:19,1
DA:21,1
DA:22,1
DA:23,1
DA:24,1
DA:30,1
LF:16
LH:16
end_of_record
SF:lib/features/auth/presentation/widgets/login_form.dart
DA:24,1
DA:30,1
DA:32,1
DA:33,1
DA:37,1
DA:38,2
DA:39,1
DA:40,2
DA:46,1
DA:48,2
DA:49,2
DA:50,1
DA:53,1
DA:55,3
DA:56,2
DA:57,2
DA:59,0
DA:60,0
DA:61,2
DA:62,0
DA:63,1
DA:64,0
DA:67,1
DA:68,2
DA:70,1
DA:72,1
DA:78,2
DA:79,1
DA:81,1
DA:83,1
DA:86,2
DA:88,1
DA:89,1
DA:92,0
DA:93,0
DA:95,0
DA:101,2
DA:102,1
DA:103,1
DA:107,1
DA:108,0
DA:109,0
DA:110,0
DA:113,0
DA:114,0
DA:120,2
DA:121,1
DA:123,1
DA:124,1
DA:125,1
DA:126,1
DA:127,1
DA:128,0
DA:129,0
DA:130,0
DA:137,1
DA:138,0
DA:139,0
DA:141,1
DA:143,2
DA:148,2
DA:149,1
DA:150,0
DA:151,0
DA:152,0
DA:153,0
DA:154,0
DA:156,0
DA:159,0
DA:160,0
DA:162,0
DA:163,0
DA:167,0
DA:168,0
DA:169,0
DA:170,0
DA:172,0
DA:173,0
DA:174,0
DA:186,2
DA:188,1
DA:190,0
DA:191,0
DA:192,0
DA:193,0
DA:194,0
DA:196,0
DA:198,0
DA:199,0
DA:201,0
DA:202,0
DA:203,0
DA:210,0
DA:211,0
DA:212,0
DA:219,0
DA:220,0
DA:221,0
DA:230,0
DA:231,0
DA:233,0
DA:234,0
DA:236,0
DA:242,0
DA:244,0
DA:245,0
DA:248,0
DA:249,0
DA:251,0
DA:252,0
DA:253,0
DA:256,0
DA:259,0
DA:260,0
LF:114
LH:47
end_of_record
SF:lib/features/auth/presentation/widgets/custom_primary_button.dart
DA:20,0
DA:35,0
DA:39,0
DA:40,0
DA:41,0
DA:42,0
DA:43,0
DA:46,0
DA:47,0
DA:48,0
DA:49,0
DA:50,0
DA:51,0
DA:56,0
DA:57,0
DA:58,0
DA:61,0
DA:64,0
DA:65,0
DA:68,0
DA:71,0
DA:74,0
DA:75,0
DA:78,0
DA:84,0
DA:85,0
DA:86,0
DA:87,0
DA:88,0
DA:89,0
DA:90,0
DA:91,0
DA:92,0
DA:94,0
LF:34
LH:0
end_of_record
SF:lib/features/auth/presentation/widgets/custom_text_field.dart
DA:14,1
DA:26,0
DA:28,0
DA:29,0
DA:30,0
DA:31,0
DA:32,0
DA:33,0
DA:34,0
DA:36,0
DA:37,0
DA:38,0
DA:39,0
DA:41,0
DA:42,0
DA:43,0
DA:44,0
DA:45,0
DA:47,0
DA:50,0
DA:51,0
DA:55,0
LF:22
LH:1
end_of_record
SF:lib/features/auth/presentation/widgets/signup_widgets/profile_image_widget.dart
DA:10,0
DA:12,0
DA:13,0
DA:15,0
DA:16,0
DA:20,0
DA:21,0
DA:23,0
DA:24,0
DA:26,0
DA:27,0
DA:29,0
DA:30,0
DA:31,0
DA:32,0
DA:33,0
DA:35,0
DA:36,0
DA:37,0
DA:38,0
DA:46,0
DA:48,0
DA:49,0
DA:50,0
DA:52,0
DA:53,0
DA:54,0
DA:56,0
DA:57,0
DA:61,0
DA:62,0
DA:63,0
DA:66,0
DA:70,0
DA:72,0
DA:73,0
DA:74,0
DA:77,0
DA:78,0
DA:81,0
DA:82,0
DA:83,0
DA:86,0
DA:87,0
DA:88,0
DA:90,0
DA:94,0
LF:47
LH:0
end_of_record
SF:lib/features/auth/presentation/widgets/custom_social_button.dart
DA:9,0
DA:17,0
DA:19,0
DA:20,0
DA:21,0
LF:5
LH:0
end_of_record
SF:lib/features/auth/presentation/widgets/custom_text_button.dart
DA:9,0
DA:16,0
DA:18,0
DA:19,0
DA:20,0
DA:21,0
DA:22,0
DA:23,0
DA:26,0
LF:9
LH:0
end_of_record
SF:lib/features/blogScreen/data/model/blog_model.dart
DA:19,0
DA:33,0
DA:36,0
DA:37,0
DA:38,0
DA:39,0
DA:40,0
DA:41,0
DA:42,0
DA:43,0
DA:44,0
DA:50,0
DA:51,0
DA:52,0
DA:53,0
DA:54,0
DA:55,0
DA:56,0
DA:57,0
LF:19
LH:0
end_of_record
SF:lib/features/blogScreen/data/model/blog_model.g.dart
DA:9,0
DA:10,0
DA:11,0
DA:12,0
DA:13,0
DA:14,0
DA:15,0
DA:16,0
DA:17,0
DA:20,0
DA:21,0
DA:22,0
DA:23,0
DA:24,0
DA:25,0
DA:26,0
DA:27,0
DA:28,0
DA:31,0
DA:32,0
DA:33,0
DA:34,0
DA:35,0
DA:36,0
DA:37,0
DA:38,0
DA:41,0
DA:42,0
DA:43,0
DA:44,0
DA:45,0
DA:46,0
DA:47,0
DA:48,0
LF:34
LH:0
end_of_record
SF:lib/features/blogScreen/presentation/widgets/blog_card.dart
DA:12,0
DA:14,0
DA:15,0
DA:24,0
DA:26,0
DA:27,0
DA:31,0
DA:32,0
DA:34,0
DA:35,0
DA:39,0
DA:41,0
DA:42,0
DA:45,0
DA:46,0
DA:49,0
DA:50,0
DA:53,0
DA:54,0
DA:57,0
DA:58,0
DA:59,0
DA:60,0
DA:61,0
DA:64,0
DA:66,0
DA:67,0
DA:68,0
DA:69,0
DA:70,0
DA:71,0
DA:72,0
DA:73,0
DA:74,0
DA:75,0
DA:76,0
DA:77,0
DA:78,0
DA:79,0
DA:80,0
DA:82,0
DA:83,0
DA:84,0
DA:85,0
DA:90,0
DA:91,0
DA:98,0
DA:100,0
DA:102,0
DA:103,0
DA:104,0
DA:106,0
DA:108,0
DA:109,0
DA:110,0
DA:111,0
DA:119,0
DA:122,0
DA:123,0
DA:124,0
DA:125,0
DA:126,0
DA:132,0
DA:135,0
DA:136,0
DA:137,0
DA:138,0
DA:139,0
DA:140,0
DA:141,0
DA:142,0
DA:143,0
DA:145,0
DA:146,0
DA:147,0
DA:149,0
DA:150,0
DA:151,0
DA:152,0
DA:153,0
DA:158,0
DA:160,0
DA:163,0
DA:164,0
DA:166,0
DA:168,0
DA:169,0
DA:170,0
DA:171,0
DA:173,0
DA:174,0
DA:175,0
DA:176,0
DA:177,0
DA:178,0
DA:179,0
DA:184,0
DA:186,0
DA:187,0
DA:188,0
DA:189,0
DA:190,0
DA:191,0
DA:192,0
DA:193,0
DA:194,0
DA:195,0
DA:199,0
DA:204,0
DA:205,0
DA:206,0
DA:209,0
DA:210,0
DA:211,0
DA:212,0
DA:213,0
DA:220,0
DA:221,0
DA:223,0
DA:224,0
DA:225,0
DA:226,0
DA:237,0
DA:240,0
DA:242,0
DA:244,0
DA:245,0
DA:247,0
DA:248,0
DA:250,0
DA:251,0
DA:252,0
DA:253,0
DA:254,0
DA:256,0
DA:257,0
DA:258,0
DA:263,0
DA:264,0
DA:266,0
DA:267,0
DA:269,0
DA:270,0
DA:271,0
DA:272,0
DA:273,0
DA:274,0
DA:275,0
LF:148
LH:0
end_of_record
SF:lib/features/coursesScreen/data/model/review_model.dart
DA:26,0
DA:27,0
DA:29,0
DA:30,0
DA:31,0
DA:32,0
DA:33,0
DA:34,0
DA:35,0
DA:36,0
DA:37,0
DA:38,0
DA:39,0
DA:40,0
DA:41,0
DA:42,0
DA:43,0
DA:58,0
DA:59,0
DA:61,0
DA:62,0
DA:63,0
DA:64,0
DA:65,0
DA:66,0
DA:67,0
DA:71,0
DA:72,0
DA:73,0
DA:74,0
DA:75,0
DA:76,0
DA:77,0
DA:78,0
DA:79,0
DA:80,0
DA:81,0
DA:82,0
DA:83,0
DA:84,0
DA:85,0
DA:90,0
DA:91,0
DA:92,0
DA:93,0
DA:94,0
DA:95,0
DA:96,0
LF:48
LH:0
end_of_record
SF:lib/features/coursesScreen/data/model/review_model.g.dart
DA:9,0
DA:10,0
DA:11,0
DA:12,0
DA:13,0
DA:14,0
DA:15,0
DA:16,0
DA:17,0
DA:18,0
DA:19,0
DA:20,0
DA:21,0
DA:22,0
DA:23,0
DA:24,0
DA:25,0
DA:26,0
DA:27,0
DA:28,0
DA:29,0
DA:30,0
DA:31,0
DA:32,0
DA:33,0
DA:34,0
DA:35,0
DA:36,0
DA:37,0
DA:38,0
DA:41,0
DA:42,0
DA:43,0
DA:44,0
DA:45,0
DA:46,0
DA:47,0
DA:48,0
DA:49,0
DA:50,0
DA:51,0
DA:52,0
DA:53,0
DA:54,0
DA:55,0
DA:56,0
DA:59,0
DA:60,0
DA:61,0
DA:62,0
DA:63,0
DA:64,0
DA:65,0
DA:66,0
DA:69,0
DA:70,0
DA:71,0
DA:72,0
DA:73,0
DA:74,0
DA:75,0
DA:76,0
LF:62
LH:0
end_of_record
SF:lib/features/coursesScreen/presentation/widgets/course_hero_header.dart
DA:8,0
DA:10,0
DA:12,0
DA:18,0
DA:20,0
DA:21,0
DA:22,0
DA:24,0
DA:26,0
DA:29,0
DA:30,0
DA:32,0
DA:34,0
DA:35,0
DA:37,0
DA:38,0
DA:41,0
DA:42,0
DA:47,0
DA:48,0
DA:49,0
DA:52,0
DA:57,0
DA:61,0
DA:63,0
DA:64,0
DA:65,0
DA:80,0
DA:81,0
DA:99,0
DA:100,0
LF:31
LH:0
end_of_record
SF:lib/features/coursesScreen/presentation/widgets/course_tab_navigation.dart
DA:9,0
DA:14,0
DA:16,0
DA:18,0
DA:19,0
DA:21,0
DA:22,0
DA:23,0
DA:24,0
DA:30,0
DA:32,0
DA:33,0
DA:34,0
DA:35,0
DA:36,0
DA:43,0
DA:44,0
DA:46,0
DA:47,0
DA:48,0
DA:49,0
DA:50,0
DA:53,0
DA:55,0
DA:57,0
DA:59,0
DA:61,0
DA:62,0
LF:28
LH:0
end_of_record
SF:lib/features/coursesScreen/presentation/widgets/course_overview_section.dart
DA:8,0
DA:9,0
DA:11,0
DA:13,0
DA:15,0
DA:17,0
DA:18,0
DA:19,0
DA:20,0
DA:26,0
DA:28,0
DA:29,0
DA:30,0
DA:31,0
DA:33,0
DA:34,0
DA:47,0
DA:51,0
DA:55,0
DA:59,0
DA:63,0
DA:67,0
DA:71,0
DA:75,0
DA:79,0
DA:83,0
DA:90,0
DA:96,0
DA:97,0
DA:98,0
DA:100,0
DA:101,0
DA:102,0
DA:104,0
DA:107,0
DA:108,0
DA:110,0
DA:111,0
DA:113,0
DA:115,0
DA:120,0
LF:41
LH:0
end_of_record
SF:lib/features/coursesScreen/presentation/widgets/course_description_section.dart
DA:10,0
DA:11,0
DA:13,0
DA:15,0
DA:21,0
DA:22,0
DA:23,0
DA:27,0
DA:29,0
DA:31,0
DA:33,0
DA:34,0
DA:35,0
DA:37,0
DA:38,0
DA:39,0
DA:40,0
DA:41,0
DA:42,0
DA:43,0
DA:46,0
DA:48,0
DA:54,0
DA:55,0
DA:56,0
DA:57,0
DA:58,0
DA:59,0
DA:60,0
DA:61,0
DA:64,0
DA:70,0
LF:32
LH:0
end_of_record
SF:lib/features/coursesScreen/presentation/widgets/course_reviews_section.dart
DA:12,0
DA:17,0
DA:19,0
DA:20,0
DA:29,0
DA:30,0
DA:31,0
DA:32,0
DA:33,0
DA:34,0
DA:38,0
DA:40,0
DA:41,0
DA:42,0
DA:43,0
DA:44,0
DA:45,0
DA:46,0
DA:49,0
DA:51,0
DA:53,0
DA:54,0
DA:55,0
DA:56,0
DA:62,0
DA:64,0
DA:66,0
DA:67,0
DA:68,0
DA:70,0
DA:71,0
DA:72,0
DA:95,0
DA:97,0
DA:98,0
DA:99,0
DA:101,0
DA:102,0
DA:103,0
DA:104,0
DA:105,0
DA:106,0
DA:112,0
DA:114,0
DA:120,0
DA:121,0
DA:127,0
DA:128,0
DA:130,0
DA:153,0
DA:160,0
DA:166,0
DA:167,0
DA:170,0
DA:171,0
DA:173,0
DA:174,0
DA:175,0
DA:176,0
DA:179,0
DA:180,0
DA:181,0
DA:182,0
DA:183,0
DA:187,0
DA:188,0
DA:189,0
DA:190,0
DA:191,0
DA:194,0
DA:196,0
DA:197,0
DA:205,0
DA:208,0
DA:210,0
DA:211,0
DA:212,0
DA:214,0
DA:216,0
DA:224,0
DA:225,0
DA:226,0
DA:228,0
DA:231,0
DA:234,0
DA:235,0
DA:236,0
DA:238,0
DA:239,0
DA:248,0
DA:249,0
DA:250,0
DA:252,0
DA:253,0
DA:254,0
DA:256,0
DA:257,0
DA:258,0
DA:260,0
DA:261,0
DA:273,0
DA:275,0
DA:276,0
DA:279,0
DA:280,0
DA:281,0
DA:295,0
DA:296,0
DA:299,0
DA:300,0
DA:301,0
DA:302,0
DA:304,0
DA:306,0
DA:307,0
DA:308,0
DA:309,0
DA:310,0
DA:311,0
DA:315,0
DA:316,0
DA:318,0
DA:319,0
DA:320,0
DA:327,0
DA:328,0
DA:329,0
DA:334,0
DA:335,0
DA:336,0
DA:344,0
DA:345,0
DA:346,0
DA:349,0
LF:134
LH:0
end_of_record
SF:lib/features/coursesScreen/presentation/widgets/course_includes_section.dart
DA:4,5
DA:6,0
DA:8,0
DA:10,0
DA:12,0
DA:13,0
DA:14,0
DA:15,0
DA:21,0
DA:23,0
DA:24,0
DA:25,0
DA:26,0
DA:28,0
DA:30,0
DA:51,0
DA:59,0
DA:67,0
DA:75,0
DA:83,0
DA:94,0
DA:100,0
DA:101,0
DA:102,0
DA:104,0
DA:105,0
DA:106,0
DA:108,0
DA:111,0
DA:112,0
DA:114,0
DA:115,0
DA:124,0
DA:126,0
LF:34
LH:1
end_of_record
SF:lib/features/coursesScreen/presentation/widgets/course_enroll_button.dart
DA:7,0
DA:8,0
DA:10,0
DA:12,0
DA:13,0
DA:14,0
DA:15,0
DA:16,0
DA:17,0
DA:23,0
DA:24,0
DA:25,0
DA:26,0
DA:27,0
LF:14
LH:0
end_of_record
SF:lib/features/coursesScreen/presentation/screens/payment_page.dart
DA:14,0
DA:19,0
DA:21,0
DA:22,0
DA:28,0
DA:29,0
DA:30,0
DA:35,0
DA:36,0
DA:37,0
DA:38,0
DA:46,0
DA:47,0
DA:48,0
DA:49,0
DA:51,0
DA:52,0
DA:57,0
DA:58,0
DA:59,0
DA:60,0
DA:61,0
DA:63,0
DA:71,0
DA:72,0
DA:76,0
DA:77,0
DA:88,0
DA:89,0
DA:103,0
DA:104,0
DA:105,0
DA:106,0
DA:111,0
DA:114,0
DA:115,0
DA:116,0
DA:117,0
DA:125,0
DA:127,0
DA:128,0
DA:129,0
DA:130,0
DA:131,0
DA:132,0
DA:133,0
DA:134,0
DA:137,0
DA:140,0
DA:143,0
DA:145,0
DA:146,0
DA:149,0
DA:150,0
DA:151,0
DA:152,0
DA:153,0
DA:158,0
DA:159,0
DA:161,0
DA:164,0
DA:166,0
DA:168,0
DA:170,0
DA:173,0
DA:174,0
DA:175,0
DA:176,0
DA:177,0
DA:181,0
DA:182,0
DA:185,0
DA:192,0
DA:193,0
DA:202,0
DA:203,0
DA:212,0
DA:225,0
DA:231,0
DA:239,0
DA:240,0
DA:241,0
DA:242,0
DA:243,0
DA:248,0
DA:249,0
DA:251,0
DA:272,0
DA:273,0
DA:275,0
DA:277,0
DA:278,0
DA:279,0
DA:286,0
DA:288,0
DA:298,0
DA:300,0
DA:302,0
DA:303,0
DA:309,0
DA:311,0
DA:316,0
DA:317,0
DA:327,0
DA:333,0
DA:334,0
DA:336,0
DA:337,0
DA:338,0
DA:340,0
DA:341,0
DA:343,0
DA:344,0
DA:346,0
DA:348,0
DA:349,0
DA:352,0
DA:356,0
DA:358,0
DA:359,0
DA:360,0
DA:363,0
DA:364,0
DA:365,0
DA:367,0
DA:368,0
DA:369,0
DA:375,0
DA:376,0
DA:377,0
DA:378,0
DA:381,0
LF:132
LH:0
end_of_record
SF:lib/features/coursesScreen/presentation/widgets/course_Card.dart
DA:16,0
DA:17,0
DA:19,0
DA:20,0
DA:29,0
DA:31,0
DA:32,0
DA:36,0
DA:37,0
DA:39,0
DA:40,0
DA:44,0
DA:46,0
DA:47,0
DA:50,0
DA:51,0
DA:52,0
DA:55,0
DA:57,0
DA:61,0
DA:63,0
DA:64,0
DA:65,0
DA:66,0
DA:67,0
DA:68,0
DA:69,0
DA:70,0
DA:71,0
DA:72,0
DA:73,0
DA:74,0
DA:75,0
DA:76,0
DA:77,0
DA:78,0
DA:79,0
DA:80,0
DA:82,0
DA:83,0
DA:84,0
DA:88,0
DA:89,0
DA:90,0
DA:91,0
DA:93,0
DA:95,0
DA:98,0
DA:99,0
DA:100,0
DA:101,0
DA:102,0
DA:104,0
DA:105,0
DA:106,0
DA:107,0
DA:108,0
DA:109,0
DA:110,0
DA:111,0
DA:112,0
LF:61
LH:0
end_of_record
SF:lib/features/coursesScreen/presentation/widgets/course_action_section.dart
DA:11,0
DA:15,0
DA:17,0
DA:19,0
DA:21,0
DA:23,0
DA:24,0
DA:26,0
DA:27,0
DA:29,0
DA:31,0
DA:34,0
DA:35,0
DA:36,0
DA:39,0
DA:44,0
DA:45,0
DA:46,0
DA:47,0
DA:48,0
DA:49,0
DA:50,0
DA:51,0
DA:52,0
DA:56,0
DA:57,0
DA:58,0
DA:60,0
DA:61,0
DA:63,0
DA:66,0
DA:68,0
DA:69,0
DA:72,0
DA:74,0
DA:75,0
DA:77,0
DA:81,0
LF:38
LH:0
end_of_record
SF:lib/features/coursesScreen/presentation/widgets/course_hero_image.dart
DA:11,0
DA:13,0
DA:15,0
DA:17,0
DA:18,0
DA:19,0
DA:20,0
DA:21,0
DA:22,0
DA:24,0
DA:25,0
DA:26,0
DA:28,0
DA:29,0
DA:31,0
DA:35,0
DA:36,0
DA:37,0
DA:39,0
DA:41,0
DA:48,0
DA:49,0
DA:50,0
DA:51,0
DA:54,0
DA:56,0
DA:63,0
DA:64,0
DA:65,0
DA:66,0
DA:67,0
DA:68,0
DA:70,0
DA:71,0
DA:72,0
DA:74,0
DA:75,0
DA:79,0
DA:80,0
DA:81,0
DA:85,0
DA:91,0
DA:92,0
DA:93,0
DA:94,0
DA:95,0
DA:96,0
DA:97,0
DA:98,0
DA:100,0
DA:102,0
DA:103,0
DA:106,0
DA:108,0
DA:109,0
DA:110,0
DA:111,0
DA:114,0
LF:58
LH:0
end_of_record
SF:lib/features/coursesScreen/presentation/widgets/course_title_section.dart
DA:10,0
DA:12,0
DA:14,0
DA:16,0
DA:18,0
DA:19,0
DA:20,0
DA:21,0
DA:24,0
DA:30,0
LF:10
LH:0
end_of_record
SF:lib/features/coursesScreen/presentation/widgets/course_instructor_section.dart
DA:10,0
DA:11,0
DA:13,0
DA:15,0
DA:17,0
DA:18,0
DA:19,0
DA:20,0
DA:21,0
DA:22,0
DA:23,0
DA:24,0
DA:25,0
DA:26,0
DA:28,0
DA:29,0
DA:30,0
DA:31,0
DA:33,0
DA:36,0
DA:41,0
DA:42,0
DA:43,0
DA:45,0
DA:46,0
DA:48,0
DA:50,0
DA:53,0
DA:54,0
DA:55,0
DA:58,0
DA:68,0
LF:32
LH:0
end_of_record
SF:lib/features/coursesScreen/presentation/widgets/course_stats_section.dart
DA:9,0
DA:11,0
DA:13,0
DA:14,0
DA:15,0
DA:16,0
DA:17,0
DA:18,0
DA:20,0
DA:22,0
DA:23,0
DA:25,0
DA:29,0
DA:30,0
DA:31,0
DA:32,0
DA:34,0
DA:40,0
DA:41,0
DA:42,0
DA:43,0
DA:45,0
DA:56,0
DA:62,0
DA:63,0
DA:64,0
DA:65,0
DA:66,0
DA:67,0
DA:68,0
DA:70,0
DA:72,0
DA:73,0
DA:75,0
DA:77,0
DA:81,0
DA:83,0
DA:84,0
LF:38
LH:0
end_of_record
SF:lib/features/dashboardScreen/data/models/post_model.dart
DA:26,0
DA:27,0
DA:49,0
DA:50,0
DA:63,0
DA:64,0
DA:76,0
DA:77,0
DA:91,0
DA:92,0
DA:97,0
DA:98,0
DA:99,0
DA:100,0
DA:101,0
DA:102,0
DA:103,0
DA:104,0
DA:105,0
DA:106,0
DA:107,0
DA:108,0
DA:109,0
DA:110,0
DA:111,0
DA:112,0
DA:118,0
DA:119,0
DA:120,0
DA:121,0
DA:122,0
DA:123,0
DA:124,0
DA:125,0
DA:126,0
DA:127,0
DA:128,0
DA:129,0
DA:130,0
DA:131,0
DA:132,0
DA:133,0
DA:139,0
DA:140,0
DA:141,0
DA:142,0
DA:143,0
DA:144,0
DA:145,0
DA:151,0
DA:152,0
DA:153,0
DA:154,0
DA:155,0
DA:156,0
DA:162,0
DA:163,0
DA:164,0
DA:165,0
DA:166,0
DA:167,0
DA:168,0
DA:169,0
LF:63
LH:0
end_of_record
SF:lib/features/dashboardScreen/data/models/post_model.g.dart
DA:9,0
DA:10,0
DA:11,0
DA:12,0
DA:13,0
DA:14,0
DA:15,0
DA:16,0
DA:17,0
DA:18,0
DA:19,0
DA:20,0
DA:21,0
DA:22,0
DA:23,0
DA:24,0
DA:25,0
DA:26,0
DA:27,0
DA:28,0
DA:29,0
DA:30,0
DA:33,0
DA:34,0
DA:35,0
DA:36,0
DA:37,0
DA:38,0
DA:39,0
DA:40,0
DA:41,0
DA:42,0
DA:43,0
DA:44,0
DA:45,0
DA:46,0
DA:47,0
DA:48,0
DA:51,0
DA:52,0
DA:53,0
DA:54,0
DA:55,0
DA:56,0
DA:57,0
DA:58,0
DA:59,0
DA:60,0
DA:61,0
DA:62,0
DA:63,0
DA:64,0
DA:65,0
DA:66,0
DA:67,0
DA:68,0
DA:69,0
DA:70,0
DA:71,0
DA:72,0
DA:73,0
DA:74,0
DA:75,0
DA:76,0
DA:77,0
DA:78,0
DA:79,0
DA:80,0
DA:83,0
DA:84,0
DA:85,0
DA:86,0
DA:87,0
DA:88,0
DA:89,0
DA:90,0
DA:91,0
DA:92,0
DA:93,0
DA:94,0
DA:95,0
DA:96,0
DA:97,0
DA:98,0
DA:101,0
DA:102,0
DA:103,0
DA:104,0
DA:105,0
DA:106,0
DA:107,0
DA:108,0
DA:109,0
DA:112,0
DA:113,0
DA:114,0
DA:115,0
DA:116,0
DA:117,0
DA:118,0
DA:121,0
DA:122,0
DA:123,0
DA:124,0
DA:125,0
DA:126,0
DA:129,0
DA:130,0
DA:131,0
DA:132,0
DA:133,0
DA:134,0
DA:137,0
DA:139,0
DA:140,0
DA:141,0
DA:142,0
DA:143,0
DA:144,0
DA:145,0
DA:146,0
DA:147,0
DA:148,0
DA:149,0
DA:152,0
DA:154,0
DA:155,0
DA:156,0
DA:157,0
DA:158,0
DA:159,0
DA:160,0
LF:132
LH:0
end_of_record
SF:lib/features/dashboardScreen/domin/entity/post_entity.dart
DA:19,0
DA:36,0
DA:37,0
DA:38,0
DA:39,0
DA:40,0
DA:41,0
DA:42,0
DA:43,0
DA:44,0
DA:45,0
DA:46,0
DA:47,0
DA:48,0
DA:49,0
DA:50,0
DA:51,0
DA:71,0
DA:88,0
DA:89,0
DA:90,0
DA:91,0
DA:92,0
DA:93,0
DA:94,0
DA:95,0
DA:96,0
DA:97,0
DA:98,0
DA:99,0
DA:100,0
DA:101,0
DA:102,0
DA:103,0
DA:114,0
DA:122,0
DA:123,0
DA:132,0
DA:139,0
DA:140,0
DA:151,0
DA:160,0
DA:161,0
DA:162,0
DA:163,0
DA:164,0
DA:165,0
DA:166,0
DA:167,0
LF:49
LH:0
end_of_record
SF:lib/features/dashboardScreen/data/models/post_dto.dart
DA:16,0
DA:17,0
DA:30,0
DA:31,0
DA:38,0
DA:39,0
DA:46,0
DA:47,0
DA:60,0
DA:61,0
DA:68,0
DA:69,0
DA:76,0
DA:77,0
DA:90,0
DA:91,0
LF:16
LH:0
end_of_record
SF:lib/features/dashboardScreen/data/models/post_dto.g.dart
DA:9,0
DA:10,0
DA:11,0
DA:12,0
DA:13,0
DA:14,0
DA:15,0
DA:16,0
DA:17,0
DA:20,0
DA:21,0
DA:22,0
DA:23,0
DA:24,0
DA:25,0
DA:26,0
DA:29,0
DA:30,0
DA:31,0
DA:32,0
DA:33,0
DA:34,0
DA:35,0
DA:36,0
DA:37,0
DA:40,0
DA:41,0
DA:42,0
DA:43,0
DA:44,0
DA:45,0
DA:46,0
DA:49,0
DA:51,0
DA:53,0
DA:55,0
DA:57,0
DA:58,0
DA:60,0
DA:62,0
DA:64,0
DA:65,0
DA:66,0
DA:67,0
DA:68,0
DA:69,0
DA:70,0
DA:73,0
DA:74,0
DA:75,0
DA:76,0
DA:77,0
DA:78,0
DA:79,0
DA:82,0
DA:83,0
DA:85,0
DA:86,0
DA:88,0
DA:89,0
DA:91,0
DA:92,0
DA:94,0
DA:95,0
DA:96,0
DA:97,0
DA:98,0
DA:99,0
DA:100,0
DA:103,0
DA:104,0
DA:105,0
DA:106,0
DA:107,0
DA:108,0
DA:109,0
LF:76
LH:0
end_of_record
SF:lib/features/dashboardScreen/presentation/bloc/create_comment_bloc/create_comment_events.dart
DA:5,0
DA:7,0
DA:8,0
DA:15,0
DA:17,0
DA:18,0
LF:6
LH:0
end_of_record
SF:lib/features/dashboardScreen/presentation/bloc/create_comment_bloc/create_comment_state.dart
DA:4,0
DA:6,0
DA:7,0
DA:19,0
DA:21,0
DA:22,0
LF:6
LH:0
end_of_record
SF:lib/features/dashboardScreen/presentation/bloc/create_post_bloc/create_post_events.dart
DA:6,5
DA:8,0
DA:9,0
DA:16,0
DA:18,0
DA:19,0
DA:23,5
LF:7
LH:2
end_of_record
SF:lib/features/dashboardScreen/presentation/bloc/create_post_bloc/create_post_state.dart
DA:5,0
DA:7,0
DA:8,0
DA:18,0
DA:20,0
DA:21,0
DA:27,0
DA:29,0
DA:30,0
LF:9
LH:0
end_of_record
SF:lib/features/dashboardScreen/presentation/bloc/create_reply_bloc/create_reply_events.dart
DA:5,0
DA:7,0
DA:8,0
DA:16,0
DA:18,0
DA:19,0
LF:6
LH:0
end_of_record
SF:lib/features/dashboardScreen/presentation/bloc/create_reply_bloc/create_reply_state.dart
DA:4,0
DA:6,0
DA:7,0
DA:19,0
DA:21,0
DA:22,0
LF:6
LH:0
end_of_record
SF:lib/features/dashboardScreen/presentation/bloc/delete_post_bloc/delete_post_events.dart
DA:4,0
DA:6,0
DA:7,0
DA:13,0
DA:15,0
DA:16,0
LF:6
LH:0
end_of_record
SF:lib/features/dashboardScreen/presentation/bloc/delete_post_bloc/delete_post_state.dart
DA:4,0
DA:6,0
DA:7,0
DA:19,0
DA:21,0
DA:22,0
LF:6
LH:0
end_of_record
SF:lib/features/dashboardScreen/presentation/bloc/get_post_by_id_bloc/get_post_by_id_events.dart
DA:4,0
DA:6,0
DA:7,0
DA:13,0
DA:15,0
DA:16,0
LF:6
LH:0
end_of_record
SF:lib/features/dashboardScreen/presentation/bloc/get_post_by_id_bloc/get_post_by_id_state.dart
DA:5,0
DA:7,0
DA:8,0
DA:18,0
DA:20,0
DA:21,0
DA:27,0
DA:29,0
DA:30,0
LF:9
LH:0
end_of_record
SF:lib/features/dashboardScreen/presentation/bloc/get_posts_bloc/get_posts_events.dart
DA:5,0
DA:7,0
DA:8,0
DA:14,0
DA:16,0
DA:17,0
DA:23,0
DA:25,0
DA:26,0
DA:32,0
DA:34,0
DA:35,0
LF:12
LH:0
end_of_record
SF:lib/features/dashboardScreen/presentation/bloc/get_posts_bloc/get_posts_state.dart
DA:5,0
DA:7,0
DA:8,0
DA:18,0
DA:20,0
DA:21,0
DA:27,0
DA:29,0
DA:30,0
DA:36,0
DA:38,0
DA:39,0
LF:12
LH:0
end_of_record
SF:lib/features/dashboardScreen/presentation/bloc/like_post_bloc/like_post_events.dart
DA:4,0
DA:6,0
DA:7,0
DA:13,0
DA:15,0
DA:16,0
LF:6
LH:0
end_of_record
SF:lib/features/dashboardScreen/presentation/bloc/like_post_bloc/like_post_state.dart
DA:4,0
DA:6,0
DA:7,0
DA:19,0
DA:21,0
DA:22,0
LF:6
LH:0
end_of_record
SF:lib/features/dashboardScreen/presentation/providers/comment_provider.dart
DA:5,0
DA:6,0
DA:7,0
DA:13,0
DA:14,0
DA:15,0
DA:19,0
DA:21,0
DA:22,0
DA:23,0
DA:26,0
DA:27,0
DA:29,0
DA:34,0
DA:35,0
DA:36,0
DA:37,0
DA:39,0
DA:41,0
DA:42,0
DA:45,0
DA:46,0
DA:47,0
DA:49,0
DA:51,0
DA:52,0
DA:53,0
DA:54,0
DA:55,0
DA:59,0
DA:60,0
DA:61,0
DA:68,0
DA:69,0
DA:73,0
DA:74,0
DA:75,0
DA:76,0
DA:77,0
DA:78,0
DA:80,0
DA:85,0
DA:88,0
DA:89,0
DA:90,0
DA:91,0
LF:46
LH:0
end_of_record
SF:lib/features/dashboardScreen/presentation/bloc/update_post_bloc/update_post_events.dart
DA:5,0
DA:7,0
DA:8,0
DA:15,0
DA:17,0
DA:18,0
LF:6
LH:0
end_of_record
SF:lib/features/dashboardScreen/presentation/bloc/update_post_bloc/update_post_state.dart
DA:5,0
DA:7,0
DA:8,0
DA:18,0
DA:20,0
DA:21,0
DA:27,0
DA:29,0
DA:30,0
LF:9
LH:0
end_of_record
SF:lib/features/dashboardScreen/presentation/widgets/post_card_widgets/post_card.dart
DA:19,0
DA:21,0
DA:23,0
DA:24,0
DA:25,0
DA:26,0
DA:28,0
DA:29,0
DA:32,0
DA:33,0
DA:36,0
DA:39,0
DA:40,0
DA:43,0
DA:45,0
DA:46,0
DA:48,0
DA:50,0
DA:58,0
DA:59,0
DA:60,0
DA:64,0
DA:66,0
DA:69,0
DA:71,0
DA:72,0
DA:73,0
DA:74,0
DA:75,0
DA:76,0
DA:80,0
DA:81,0
DA:82,0
DA:83,0
DA:84,0
DA:95,0
DA:100,0
DA:104,0
DA:106,0
DA:107,0
DA:108,0
LF:41
LH:0
end_of_record
SF:lib/features/dashboardScreen/presentation/widgets/dashboard_widgets/dashboard_app_bar.dart
DA:12,5
DA:14,0
DA:15,0
DA:24,0
DA:26,0
DA:28,0
DA:31,0
DA:36,0
DA:37,0
DA:40,0
DA:41,0
DA:42,0
DA:43,0
DA:48,0
DA:51,0
DA:53,0
DA:54,0
DA:57,0
DA:59,0
DA:65,0
DA:66,0
DA:67,0
DA:68,0
DA:71,0
DA:72,0
DA:73,0
DA:74,0
DA:77,0
DA:78,0
DA:79,0
DA:85,0
DA:86,0
DA:88,0
DA:90,0
DA:92,0
DA:93,0
DA:94,0
DA:95,0
DA:96,0
DA:97,0
DA:99,0
DA:102,0
DA:105,0
DA:124,0
DA:125,0
DA:126,0
DA:127,0
DA:128,0
DA:130,0
DA:131,0
DA:132,0
DA:138,0
DA:142,0
DA:143,0
DA:144,0
DA:145,0
DA:148,0
DA:149,0
DA:150,0
DA:151,0
DA:152,0
DA:159,0
DA:175,0
DA:176,0
DA:177,0
DA:178,0
DA:179,0
DA:180,0
DA:182,0
DA:184,0
DA:186,0
DA:187,0
DA:188,0
DA:189,0
DA:194,0
DA:195,0
DA:199,0
DA:200,0
DA:201,0
DA:203,0
DA:204,0
DA:205,0
DA:214,0
DA:215,0
DA:216,0
DA:217,0
DA:218,0
DA:219,0
DA:227,0
DA:229,0
DA:230,0
DA:231,0
DA:247,0
DA:248,0
DA:249,0
DA:250,0
DA:251,0
DA:252,0
DA:254,0
DA:255,0
DA:257,0
DA:258,0
DA:259,0
DA:260,0
DA:261,0
DA:272,0
DA:273,0
DA:278,0
DA:279,0
DA:280,0
DA:281,0
DA:282,0
DA:293,0
DA:294,0
DA:304,0
DA:305,0
DA:306,0
DA:307,0
DA:309,0
DA:310,0
DA:311,0
DA:313,0
DA:314,0
DA:315,0
DA:324,0
DA:326,0
DA:327,0
DA:329,0
DA:335,0
DA:337,0
DA:347,0
DA:349,0
DA:350,0
DA:351,0
DA:353,0
DA:354,0
DA:355,0
DA:364,0
DA:366,0
DA:367,0
DA:369,0
DA:375,0
DA:377,0
LF:143
LH:1
end_of_record
SF:lib/features/dashboardScreen/presentation/widgets/dashboard_widgets/dashboard_search_bar.dart
DA:9,0
DA:15,0
DA:17,0
DA:19,0
DA:20,0
DA:21,0
DA:23,0
DA:30,0
DA:31,0
DA:37,0
DA:38,0
DA:41,0
DA:42,0
DA:45,0
DA:46,0
DA:55,0
LF:16
LH:0
end_of_record
SF:lib/features/dashboardScreen/presentation/utils/global_comment_store.dart
DA:5,0
DA:6,0
DA:7,0
DA:13,0
DA:15,0
DA:17,0
DA:18,0
DA:21,0
DA:22,0
DA:23,0
DA:25,0
DA:26,0
DA:32,0
DA:33,0
DA:35,0
DA:37,0
DA:38,0
DA:39,0
DA:41,0
DA:42,0
DA:48,0
DA:50,0
DA:51,0
DA:52,0
DA:53,0
DA:55,0
DA:57,0
DA:58,0
DA:60,0
DA:61,0
DA:62,0
DA:64,0
DA:66,0
DA:67,0
DA:68,0
DA:69,0
DA:70,0
DA:74,0
DA:75,0
DA:76,0
DA:85,0
DA:86,0
DA:90,0
DA:91,0
DA:92,0
DA:93,0
DA:94,0
DA:95,0
DA:101,0
DA:104,0
DA:105,0
DA:106,0
LF:52
LH:0
end_of_record
SF:lib/features/dashboardScreen/presentation/widgets/comment_widgets/comment_input.dart
DA:16,0
DA:18,0
DA:19,0
DA:27,0
DA:29,0
DA:31,0
DA:34,0
DA:36,0
DA:37,0
DA:40,0
DA:42,0
DA:43,0
DA:45,0
DA:47,0
DA:48,0
DA:49,0
DA:50,0
DA:56,0
DA:57,0
DA:58,0
DA:59,0
DA:60,0
DA:66,0
DA:67,0
DA:68,0
DA:69,0
DA:70,0
DA:72,0
DA:73,0
DA:77,0
DA:78,0
DA:79,0
DA:80,0
DA:83,0
DA:84,0
DA:85,0
DA:86,0
DA:87,0
DA:88,0
DA:89,0
DA:105,0
DA:106,0
DA:107,0
DA:108,0
DA:109,0
DA:111,0
DA:112,0
DA:116,0
DA:118,0
DA:126,0
DA:128,0
DA:129,0
DA:130,0
DA:139,0
DA:140,0
DA:152,0
DA:153,0
DA:156,0
DA:165,0
DA:166,0
DA:168,0
DA:169,0
DA:170,0
DA:172,0
DA:173,0
DA:200,0
DA:201,0
DA:202,0
DA:204,0
DA:205,0
DA:207,0
DA:209,0
DA:210,0
DA:213,0
DA:214,0
DA:218,0
LF:76
LH:0
end_of_record
SF:lib/features/profileScreen/domin/entity/user_entity.dart
DA:14,1
DA:26,1
DA:27,1
DA:28,1
DA:29,1
DA:30,1
DA:31,1
DA:32,1
DA:33,1
DA:34,1
DA:35,1
DA:36,1
LF:12
LH:12
end_of_record
SF:lib/features/dashboardScreen/presentation/widgets/comment_widgets/comment_item.dart
DA:18,0
DA:25,0
DA:26,0
DA:36,0
DA:38,0
DA:39,0
DA:40,0
DA:43,0
DA:45,0
DA:46,0
DA:49,0
DA:51,0
DA:52,0
DA:53,0
DA:54,0
DA:55,0
DA:56,0
DA:62,0
DA:63,0
DA:64,0
DA:65,0
DA:71,0
DA:72,0
DA:74,0
DA:75,0
DA:77,0
DA:79,0
DA:81,0
DA:84,0
DA:85,0
DA:86,0
DA:89,0
DA:90,0
DA:91,0
DA:92,0
DA:102,0
DA:103,0
DA:105,0
DA:107,0
DA:112,0
DA:114,0
DA:116,0
DA:118,0
DA:119,0
DA:120,0
DA:121,0
DA:127,0
DA:128,0
DA:129,0
DA:138,0
DA:140,0
DA:141,0
DA:142,0
DA:144,0
DA:145,0
DA:148,0
DA:150,0
DA:151,0
DA:154,0
DA:155,0
DA:156,0
DA:160,0
DA:162,0
DA:164,0
DA:165,0
DA:168,0
DA:173,0
DA:174,0
DA:175,0
DA:187,0
DA:189,0
DA:193,0
DA:195,0
DA:206,0
DA:211,0
DA:213,0
DA:215,0
DA:225,0
DA:226,0
DA:228,0
DA:229,0
DA:230,0
DA:231,0
DA:235,0
DA:236,0
DA:237,0
DA:238,0
DA:241,0
DA:242,0
DA:243,0
DA:244,0
DA:245,0
DA:246,0
DA:247,0
DA:265,0
DA:266,0
DA:267,0
DA:268,0
DA:269,0
DA:271,0
DA:272,0
DA:275,0
DA:276,0
DA:277,0
DA:290,0
DA:291,0
DA:292,0
DA:293,0
DA:295,0
DA:296,0
DA:297,0
DA:304,0
DA:305,0
DA:319,0
DA:321,0
DA:332,0
DA:334,0
DA:335,0
DA:337,0
DA:339,0
DA:341,0
DA:343,0
DA:344,0
DA:345,0
DA:346,0
DA:347,0
DA:351,0
DA:352,0
DA:353,0
DA:360,0
DA:362,0
DA:363,0
DA:364,0
DA:365,0
DA:369,0
DA:371,0
DA:381,0
DA:382,0
DA:383,0
DA:384,0
DA:389,0
DA:390,0
DA:392,0
DA:394,0
DA:395,0
DA:398,0
DA:399,0
DA:400,0
DA:403,0
DA:404,0
DA:405,0
DA:406,0
DA:415,0
DA:416,0
DA:418,0
DA:420,0
DA:422,0
DA:424,0
DA:425,0
DA:426,0
DA:427,0
DA:433,0
DA:434,0
DA:435,0
DA:448,0
DA:449,0
DA:450,0
DA:452,0
DA:453,0
DA:458,0
DA:459,0
DA:460,0
DA:462,0
DA:463,0
DA:464,0
DA:465,0
DA:466,0
DA:467,0
LF:178
LH:0
end_of_record
SF:lib/features/dashboardScreen/presentation/widgets/comment_widgets/comment_section.dart
DA:19,0
DA:25,0
DA:26,0
DA:35,0
DA:37,0
DA:38,0
DA:39,0
DA:42,0
DA:43,0
DA:44,0
DA:45,0
DA:46,0
DA:49,0
DA:50,0
DA:51,0
DA:52,0
DA:56,0
DA:57,0
DA:59,0
DA:67,0
DA:69,0
DA:71,0
DA:76,0
DA:79,0
DA:81,0
DA:82,0
DA:83,0
DA:84,0
DA:86,0
DA:88,0
DA:89,0
DA:91,0
DA:92,0
DA:93,0
DA:94,0
DA:96,0
DA:97,0
DA:100,0
DA:101,0
DA:104,0
DA:105,0
DA:108,0
DA:109,0
DA:112,0
DA:113,0
DA:116,0
DA:117,0
DA:119,0
DA:120,0
DA:121,0
DA:122,0
DA:123,0
DA:124,0
DA:125,0
DA:127,0
DA:128,0
DA:129,0
DA:132,0
DA:135,0
DA:136,0
DA:137,0
DA:141,0
DA:142,0
DA:143,0
DA:144,0
DA:145,0
DA:146,0
DA:151,0
DA:152,0
DA:155,0
DA:157,0
DA:158,0
DA:161,0
DA:162,0
DA:163,0
DA:165,0
DA:166,0
DA:169,0
DA:170,0
DA:172,0
DA:173,0
DA:174,0
DA:175,0
DA:176,0
DA:178,0
DA:179,0
DA:182,0
DA:183,0
DA:186,0
DA:187,0
DA:189,0
DA:191,0
DA:192,0
DA:194,0
DA:195,0
DA:196,0
DA:197,0
DA:198,0
DA:199,0
DA:200,0
DA:202,0
DA:203,0
DA:204,0
DA:207,0
DA:210,0
DA:211,0
DA:215,0
DA:216,0
DA:217,0
DA:219,0
DA:220,0
DA:221,0
DA:222,0
DA:225,0
DA:226,0
DA:229,0
DA:230,0
DA:231,0
DA:232,0
DA:233,0
DA:236,0
DA:238,0
DA:239,0
DA:240,0
DA:243,0
DA:244,0
DA:250,0
DA:251,0
DA:256,0
DA:257,0
DA:258,0
DA:260,0
DA:261,0
DA:262,0
DA:274,0
DA:276,0
DA:279,0
DA:282,0
DA:283,0
DA:284,0
DA:285,0
DA:286,0
DA:289,0
DA:290,0
DA:292,0
DA:293,0
DA:305,0
DA:306,0
DA:307,0
DA:308,0
DA:309,0
DA:311,0
DA:313,0
DA:317,0
DA:318,0
DA:319,0
DA:320,0
LF:157
LH:0
end_of_record
SF:lib/features/dashboardScreen/presentation/widgets/reply_widgets/reply_section.dart
DA:14,0
DA:16,0
DA:18,0
DA:19,0
DA:20,0
DA:22,0
DA:23,0
DA:24,0
DA:34,0
DA:35,0
DA:37,0
LF:11
LH:0
end_of_record
SF:lib/features/dashboardScreen/presentation/widgets/post_card_widgets/post_card_header.dart
DA:11,0
DA:17,0
DA:19,0
DA:20,0
DA:22,0
DA:23,0
DA:24,0
DA:27,0
DA:28,0
DA:29,0
DA:32,0
DA:33,0
DA:34,0
DA:35,0
DA:43,0
DA:44,0
DA:46,0
DA:47,0
DA:48,0
DA:49,0
DA:54,0
DA:55,0
DA:56,0
DA:57,0
DA:63,0
DA:68,0
DA:71,0
DA:89,0
DA:90,0
DA:91,0
DA:93,0
DA:94,0
DA:95,0
DA:96,0
DA:97,0
DA:98,0
LF:36
LH:0
end_of_record
SF:lib/features/dashboardScreen/presentation/widgets/post_card_widgets/post_card_content.dart
DA:10,0
DA:12,0
DA:14,0
DA:16,0
DA:17,0
DA:18,0
DA:20,0
DA:21,0
DA:22,0
DA:28,0
DA:29,0
DA:31,0
DA:32,0
DA:33,0
DA:39,0
DA:40,0
DA:45,0
DA:46,0
DA:47,0
DA:49,0
DA:50,0
DA:51,0
DA:52,0
DA:54,0
DA:58,0
DA:70,0
DA:72,0
DA:75,0
DA:76,0
DA:81,0
DA:82,0
DA:83,0
DA:84,0
DA:85,0
DA:86,0
DA:87,0
DA:88,0
DA:90,0
DA:94,0
DA:102,0
DA:103,0
DA:104,0
DA:105,0
DA:106,0
DA:108,0
DA:109,0
DA:110,0
DA:111,0
DA:126,0
DA:127,0
DA:130,0
DA:131,0
DA:133,0
DA:135,0
DA:136,0
DA:138,0
DA:139,0
DA:140,0
DA:145,0
LF:59
LH:0
end_of_record
SF:lib/features/dashboardScreen/presentation/widgets/post_card_widgets/post_card_actions.dart
DA:13,0
DA:15,0
DA:17,0
DA:18,0
DA:19,0
DA:21,0
DA:23,0
DA:24,0
DA:26,0
DA:27,0
DA:28,0
DA:29,0
DA:36,0
DA:39,0
DA:40,0
DA:44,0
DA:47,0
DA:48,0
DA:52,0
DA:63,0
DA:72,0
DA:74,0
DA:75,0
DA:77,0
DA:79,0
DA:81,0
DA:92,0
DA:99,0
DA:100,0
DA:102,0
DA:115,0
DA:116,0
DA:119,0
DA:121,0
DA:126,0
DA:128,0
LF:36
LH:0
end_of_record
SF:lib/features/dashboardScreen/presentation/widgets/reply_widgets/reply_input.dart
DA:14,0
DA:16,0
DA:17,0
DA:24,0
DA:26,0
DA:28,0
DA:31,0
DA:33,0
DA:34,0
DA:37,0
DA:39,0
DA:40,0
DA:41,0
DA:42,0
DA:43,0
DA:44,0
DA:50,0
DA:51,0
DA:52,0
DA:53,0
DA:54,0
DA:60,0
DA:61,0
DA:62,0
DA:63,0
DA:64,0
DA:65,0
DA:66,0
DA:67,0
DA:69,0
DA:72,0
DA:73,0
DA:78,0
DA:79,0
DA:84,0
DA:85,0
DA:97,0
DA:98,0
DA:101,0
DA:109,0
DA:110,0
DA:111,0
DA:113,0
DA:114,0
DA:137,0
DA:138,0
DA:139,0
DA:141,0
DA:143,0
DA:144,0
LF:50
LH:0
end_of_record
SF:lib/features/homeScreen/presentation/constants/bottom_nav_items.dart
DA:21,0
DA:22,0
DA:23,0
DA:24,0
DA:25,0
LF:5
LH:0
end_of_record
SF:lib/features/profileScreen/data/models/user_model.dart
DA:22,0
DA:26,0
DA:27,0
DA:28,0
DA:29,0
DA:30,0
DA:31,0
DA:32,0
DA:33,0
DA:34,0
DA:35,0
LF:11
LH:0
end_of_record
SF:lib/features/profileScreen/data/models/user_model.g.dart
DA:9,0
DA:10,0
DA:11,0
DA:12,0
DA:13,0
DA:14,0
DA:15,0
DA:16,0
DA:18,0
DA:19,0
DA:20,0
DA:23,0
DA:24,0
DA:25,0
DA:27,0
DA:30,0
DA:31,0
DA:32,0
DA:33,0
DA:34,0
DA:35,0
DA:36,0
DA:37,0
DA:38,0
DA:39,0
DA:40,0
LF:26
LH:0
end_of_record
SF:lib/features/profileScreen/presentation/widgets/change_password_widgets/change_password_app_bar.dart
DA:6,5
DA:8,0
DA:10,0
DA:20,0
LF:4
LH:1
end_of_record
SF:lib/features/profileScreen/presentation/widgets/change_password_widgets/change_password_header_icon.dart
DA:5,5
DA:7,0
LF:2
LH:1
end_of_record
SF:lib/features/profileScreen/presentation/widgets/change_password_widgets/change_password_header_text.dart
DA:5,5
DA:7,0
DA:9,0
DA:10,0
DA:12,0
LF:5
LH:1
end_of_record
SF:lib/features/profileScreen/presentation/widgets/change_password_widgets/change_password_field.dart
DA:10,0
DA:19,0
DA:21,0
DA:22,0
DA:24,0
DA:25,0
DA:26,0
DA:27,0
DA:28,0
DA:29,0
LF:10
LH:0
end_of_record
SF:lib/features/profileScreen/presentation/widgets/change_password_widgets/change_password_submit_button.dart
DA:8,0
DA:14,0
DA:16,0
DA:18,0
DA:19,0
DA:29,0
DA:30,0
DA:33,0
DA:34,0
DA:38,0
LF:10
LH:0
end_of_record
SF:lib/features/profileScreen/presentation/widgets/edit_profile_widgets/edit_profile_app_bar.dart
DA:5,5
DA:7,0
DA:9,0
DA:19,0
LF:4
LH:1
end_of_record
SF:lib/features/profileScreen/presentation/widgets/edit_profile_widgets/edit_profile_avatar.dart
DA:5,5
DA:7,0
DA:9,0
DA:10,0
DA:12,0
LF:5
LH:1
end_of_record
SF:lib/features/profileScreen/presentation/widgets/edit_profile_widgets/edit_profile_header_text.dart
DA:5,5
DA:7,0
DA:9,0
DA:10,0
DA:12,0
LF:5
LH:1
end_of_record
SF:lib/features/profileScreen/presentation/widgets/edit_profile_widgets/edit_profile_text_field.dart
DA:11,0
DA:21,0
DA:23,0
DA:24,0
DA:25,0
DA:26,0
DA:27,0
DA:28,0
DA:29,0
DA:30,0
DA:31,0
LF:11
LH:0
end_of_record
SF:lib/features/profileScreen/presentation/widgets/edit_profile_widgets/edit_profile_action_buttons.dart
DA:8,0
DA:14,0
DA:16,0
DA:17,0
DA:18,0
DA:19,0
DA:20,0
DA:21,0
DA:26,0
DA:27,0
DA:38,0
DA:39,0
DA:40,0
DA:50,0
DA:51,0
DA:54,0
DA:55,0
DA:62,0
LF:18
LH:0
end_of_record
SF:lib/features/profileScreen/presentation/widgets/personal_info.dart
DA:10,0
DA:12,0
DA:14,0
DA:15,0
DA:16,0
DA:17,0
DA:18,0
DA:22,0
LF:8
LH:0
end_of_record
SF:lib/features/profileScreen/presentation/widgets/profile_header.dart
DA:14,0
DA:16,0
DA:18,0
DA:23,0
DA:24,0
DA:25,0
DA:26,0
DA:27,0
DA:30,0
DA:31,0
DA:32,0
DA:35,0
DA:38,0
DA:39,0
DA:40,0
DA:50,0
DA:51,0
DA:52,0
DA:54,0
DA:55,0
DA:58,0
DA:59,0
DA:61,0
DA:64,0
DA:68,0
DA:70,0
DA:72,0
DA:77,0
DA:79,0
DA:80,0
DA:81,0
DA:82,0
DA:83,0
DA:84,0
DA:86,0
DA:87,0
DA:103,0
DA:104,0
DA:106,0
DA:107,0
DA:108,0
DA:116,0
DA:118,0
DA:119,0
DA:126,0
DA:127,0
DA:137,0
DA:138,0
LF:48
LH:0
end_of_record
SF:lib/features/profileScreen/presentation/widgets/setting_section.dart
DA:5,5
DA:7,0
DA:8,0
DA:18,0
DA:20,0
DA:21,0
DA:22,0
DA:24,0
DA:26,0
DA:27,0
DA:28,0
DA:30,0
DA:31,0
DA:35,0
DA:36,0
DA:40,0
DA:41,0
DA:42,0
DA:44,0
DA:46,0
DA:47,0
DA:48,0
DA:49,0
DA:54,0
DA:58,0
DA:59,0
DA:60,0
DA:63,0
DA:68,0
DA:72,0
DA:73,0
DA:77,0
DA:78,0
DA:79,0
DA:82,0
DA:85,0
DA:89,0
DA:90,0
DA:91,0
DA:94,0
DA:99,0
DA:103,0
DA:104,0
DA:108,0
DA:109,0
DA:110,0
DA:113,0
DA:116,0
DA:120,0
DA:121,0
DA:122,0
DA:125,0
DA:130,0
DA:134,0
DA:135,0
DA:136,0
DA:137,0
DA:141,0
DA:142,0
DA:143,0
DA:144,0
DA:146,0
DA:147,0
DA:150,0
DA:159,0
DA:169,0
DA:170,0
DA:173,0
DA:175,0
DA:176,0
DA:177,0
DA:178,0
DA:188,0
DA:196,0
DA:197,0
DA:198,0
DA:200,0
DA:202,0
DA:203,0
DA:204,0
DA:206,0
DA:207,0
DA:208,0
DA:214,0
DA:216,0
DA:217,0
DA:218,0
DA:219,0
DA:221,0
DA:223,0
DA:225,0
DA:231,0
DA:237,0
DA:243,0
DA:244,0
DA:246,0
DA:248,0
DA:250,0
DA:251,0
DA:252,0
DA:254,0
DA:255,0
DA:256,0
DA:260,0
DA:262,0
DA:263,0
LF:106
LH:1
end_of_record
SF:lib/features/profileScreen/presentation/widgets/tab_navigation.dart
DA:8,0
DA:10,0
DA:12,0
DA:13,0
DA:21,0
DA:23,0
DA:24,0
DA:25,0
DA:26,0
DA:27,0
DA:29,0
DA:30,0
DA:31,0
DA:32,0
DA:34,0
DA:35,0
DA:36,0
DA:38,0
DA:39,0
DA:40,0
DA:52,0
LF:21
LH:0
end_of_record
SF:lib/features/profileScreen/presentation/widgets/info_row.dart
DA:8,0
DA:10,0
DA:12,0
DA:14,0
DA:16,0
DA:17,0
DA:19,0
DA:20,0
DA:22,0
DA:23,0
DA:25,0
LF:11
LH:0
end_of_record
SF:lib/app.dart
DA:35,1
DA:37,1
DA:39,2
DA:40,0
DA:41,0
DA:46,0
DA:47,0
DA:48,0
DA:49,0
DA:50,0
DA:51,0
DA:54,0
DA:55,0
DA:57,0
DA:58,0
DA:59,0
DA:60,0
DA:61,0
DA:63,0
DA:64,0
DA:66,0
DA:67,0
DA:68,0
DA:69,0
DA:70,0
DA:71,0
DA:72,0
DA:74,0
DA:75,0
DA:77,0
DA:78,0
DA:80,0
DA:81,0
DA:83,0
DA:84,0
DA:85,0
DA:87,0
DA:88,0
DA:90,0
DA:91,0
DA:93,0
DA:94,0
DA:97,0
DA:98,0
DA:99,0
DA:100,0
DA:102,0
DA:103,0
DA:104,0
DA:105,0
LF:50
LH:3
end_of_record
SF:lib/config/themes/ theme/dark_theme.dart
DA:7,0
DA:13,0
DA:19,0
DA:29,0
DA:31,0
DA:34,0
DA:36,0
DA:38,0
DA:40,0
DA:45,0
DA:64,0
DA:65,0
DA:73,0
DA:74,0
LF:14
LH:0
end_of_record
SF:lib/config/themes/ theme/light_theme.dart
DA:7,0
DA:13,0
DA:29,0
DA:31,0
DA:34,0
DA:36,0
DA:38,0
DA:40,0
DA:45,0
DA:64,0
DA:65,0
DA:72,0
DA:73,0
LF:13
LH:0
end_of_record
SF:lib/cores/network/network_aware_app.dart
DA:13,0
DA:22,0
DA:24,0
DA:25,0
DA:34,0
DA:36,0
DA:37,0
DA:38,0
DA:39,0
DA:40,0
DA:41,0
DA:42,0
DA:48,0
DA:50,0
DA:51,0
DA:54,0
DA:56,0
DA:57,0
DA:58,0
DA:59,0
DA:60,0
DA:61,0
DA:62,0
DA:63,0
DA:64,0
DA:65,0
DA:66,0
DA:67,0
DA:69,0
DA:70,0
DA:74,0
DA:77,0
DA:79,0
DA:85,0
DA:86,0
DA:99,0
DA:100,0
DA:101,0
DA:102,0
DA:103,0
DA:104,0
DA:105,0
DA:107,0
DA:108,0
DA:109,0
DA:110,0
DA:125,0
DA:127,0
DA:128,0
DA:129,0
LF:50
LH:0
end_of_record
SF:lib/config/themes/styles/input_theme.dart
DA:4,0
DA:5,0
DA:6,0
DA:9,0
DA:10,0
DA:13,0
DA:14,0
LF:7
LH:0
end_of_record
SF:lib/config/themes/styles/button_theme.dart
DA:4,0
DA:5,0
DA:8,0
DA:9,0
DA:10,0
DA:16,0
LF:6
LH:0
end_of_record
